2025/05/28 13:59:33 - mmengine - INFO - 
------------------------------------------------------------
System environment:
    sys.platform: win32
    Python: 3.10.16 | packaged by Anaconda, Inc. | (main, Dec 11 2024, 16:19:12) [MSC v.1929 64 bit (AMD64)]
    CUDA available: True
    MUSA available: False
    numpy_random_seed: 716359870
    GPU 0: Quadro P1000
    CUDA_HOME: C:\Program Files\NVIDIA GPU Computing Toolkit\CUDA\v11.8
    NVCC: Cuda compilation tools, release 11.8, V11.8.89
    MSVC: ?? x64 ? Microsoft (R) C/C++ ????? 19.43.34810 ?
    GCC: n/a
    PyTorch: 2.1.0+cu118
    PyTorch compiling details: PyTorch built with:
  - C++ Version: 199711
  - MSVC 192930151
  - Intel(R) Math Kernel Library Version 2020.0.2 Product Build 20200624 for Intel(R) 64 architecture applications
  - Intel(R) MKL-DNN v3.1.1 (Git Hash 64f6bcbcbab628e96f33a62c3e975f8535a7bde4)
  - OpenMP 2019
  - LAPACK is enabled (usually provided by MKL)
  - CPU capability usage: AVX512
  - CUDA Runtime 11.8
  - NVCC architecture flags: -gencode;arch=compute_37,code=sm_37;-gencode;arch=compute_50,code=sm_50;-gencode;arch=compute_60,code=sm_60;-gencode;arch=compute_61,code=sm_61;-gencode;arch=compute_70,code=sm_70;-gencode;arch=compute_75,code=sm_75;-gencode;arch=compute_80,code=sm_80;-gencode;arch=compute_86,code=sm_86;-gencode;arch=compute_90,code=sm_90;-gencode;arch=compute_37,code=compute_37
  - CuDNN 8.7
  - Magma 2.5.4
  - Build settings: BLAS_INFO=mkl, BUILD_TYPE=Release, CUDA_VERSION=11.8, CUDNN_VERSION=8.7.0, CXX_COMPILER=C:/actions-runner/_work/pytorch/pytorch/builder/windows/tmp_bin/sccache-cl.exe, CXX_FLAGS=/DWIN32 /D_WINDOWS /GR /EHsc /bigobj /FS -DUSE_PTHREADPOOL -DNDEBUG -DUSE_KINETO -DLIBKINETO_NOCUPTI -DLIBKINETO_NOROCTRACER -DUSE_FBGEMM -DUSE_XNNPACK -DSYMBOLICATE_MOBILE_DEBUG_HANDLE /utf-8 /wd4624 /wd4068 /wd4067 /wd4267 /wd4661 /wd4717 /wd4244 /wd4804 /wd4273, LAPACK_INFO=mkl, PERF_WITH_AVX=1, PERF_WITH_AVX2=1, PERF_WITH_AVX512=1, TORCH_DISABLE_GPU_ASSERTS=OFF, TORCH_VERSION=2.1.0, USE_CUDA=ON, USE_CUDNN=ON, USE_EXCEPTION_PTR=1, USE_GFLAGS=OFF, USE_GLOG=OFF, USE_MKL=ON, USE_MKLDNN=ON, USE_MPI=OFF, USE_NCCL=OFF, USE_NNPACK=OFF, USE_OPENMP=ON, USE_ROCM=OFF, 

    TorchVision: 0.16.0+cu118
    OpenCV: 4.11.0
    MMEngine: 0.10.7

Runtime environment:
    cudnn_benchmark: False
    mp_cfg: {'mp_start_method': 'fork', 'opencv_num_threads': 0}
    dist_cfg: {'backend': 'nccl'}
    seed: 716359870
    diff_rank_seed: False
    deterministic: False
    Distributed launcher: none
    Distributed training: False
    GPU number: 1
------------------------------------------------------------

2025/05/28 13:59:33 - mmengine - INFO - Config:
ann_file_train = 'F:/zyp/Thesis source code/mmaction2/projects/seasonal_pseudo_change/datasets/splits/train.txt'
ann_file_val = 'F:/zyp/Thesis source code/mmaction2/projects/seasonal_pseudo_change/datasets/splits/val.txt'
data_prefix = dict(
    img=
    'F:/zyp/Thesis source code/mmaction2/projects/seasonal_pseudo_change/datasets/rawframes'
)
data_root = 'F:/zyp/Thesis source code/mmaction2/projects/seasonal_pseudo_change/datasets/rawframes'
default_hooks = dict(
    checkpoint=dict(
        interval=1, max_keep_ckpts=1, save_best='auto', type='CheckpointHook'),
    logger=dict(ignore_last=False, interval=10, type='LoggerHook'),
    param_scheduler=dict(type='ParamSchedulerHook'),
    runtime_info=dict(type='RuntimeInfoHook'),
    sampler_seed=dict(type='DistSamplerSeedHook'),
    sync_buffers=dict(type='SyncBuffersHook'),
    timer=dict(type='IterTimerHook'))
default_scope = 'mmaction'
env_cfg = dict(
    cudnn_benchmark=False,
    dist_cfg=dict(backend='nccl'),
    mp_cfg=dict(mp_start_method='fork', opencv_num_threads=0))
launcher = 'none'
load_from = None
log_level = 'INFO'
log_processor = dict(by_epoch=True, type='LogProcessor', window_size=20)
model = dict(
    backbone=dict(
        arch='tiny',
        attn_drop_rate=0.0,
        drop_path_rate=0.1,
        drop_rate=0.0,
        mlp_ratio=4.0,
        patch_norm=True,
        patch_size=(
            2,
            4,
            4,
        ),
        pretrained=
        'F:/zyp/Thesis source code/mmaction2/projects/seasonal_pseudo_change/pretrained/videoswin/swin_tiny_patch244_window877_kinetics400_1k_converted.pth',
        pretrained2d=False,
        qk_scale=None,
        qkv_bias=True,
        type='SwinTransformer3D',
        window_size=(
            8,
            7,
            7,
        )),
    cls_head=dict(
        average_clips='prob',
        dropout_ratio=0.5,
        in_channels=768,
        num_classes=2,
        spatial_type='avg',
        type='I3DHead'),
    data_preprocessor=dict(
        format_shape='NCTHW',
        mean=[
            123.675,
            116.28,
            103.53,
        ],
        std=[
            58.395,
            57.12,
            57.375,
        ],
        type='ActionDataPreprocessor'),
    type='Recognizer3D')
optim_wrapper = dict(
    constructor='SwinOptimWrapperConstructor',
    loss_scale='dynamic',
    optimizer=dict(
        betas=(
            0.9,
            0.999,
        ), lr=0.001, type='AdamW', weight_decay=0.02),
    paramwise_cfg=dict(
        absolute_pos_embed=dict(decay_mult=0.0),
        backbone=dict(lr_mult=0.1),
        bias=dict(decay_mult=0.0),
        norm=dict(decay_mult=0.0),
        relative_position_bias_table=dict(decay_mult=0.0)),
    type='AmpOptimWrapper')
param_scheduler = [
    dict(
        begin=0,
        by_epoch=True,
        convert_to_iter_based=True,
        end=2.5,
        start_factor=0.1,
        type='LinearLR'),
    dict(
        T_max=30,
        begin=0,
        by_epoch=True,
        end=30,
        eta_min=0,
        type='CosineAnnealingLR'),
]
randomness = dict(deterministic=False, diff_rank_seed=False, seed=None)
resume = False
test_cfg = dict(type='TestLoop')
test_dataloader = dict(
    batch_size=4,
    dataset=dict(
        ann_file=
        'F:/zyp/Thesis source code/mmaction2/projects/seasonal_pseudo_change/datasets/splits/val.txt',
        data_prefix=dict(
            img=
            'F:/zyp/Thesis source code/mmaction2/projects/seasonal_pseudo_change/datasets/rawframes'
        ),
        filename_tmpl='img_{:04d}.jpg',
        pipeline=[
            dict(
                clip_len=8,
                frame_interval=1,
                num_clips=1,
                test_mode=True,
                type='SampleFrames'),
            dict(type='RawFrameDecode'),
            dict(scale=(
                -1,
                256,
            ), type='Resize'),
            dict(crop_size=224, type='CenterCrop'),
            dict(input_format='NCTHW', type='FormatShape'),
            dict(type='PackActionInputs'),
        ],
        test_mode=True,
        type='RawframeDataset'),
    num_workers=4,
    persistent_workers=True,
    sampler=dict(shuffle=False, type='DefaultSampler'))
test_evaluator = dict(type='AccMetric')
train_cfg = dict(
    max_epochs=5, type='EpochBasedTrainLoop', val_begin=1, val_interval=1)
train_dataloader = dict(
    batch_size=4,
    dataset=dict(
        ann_file=
        'F:/zyp/Thesis source code/mmaction2/projects/seasonal_pseudo_change/datasets/splits/train.txt',
        data_prefix=dict(
            img=
            'F:/zyp/Thesis source code/mmaction2/projects/seasonal_pseudo_change/datasets/rawframes'
        ),
        filename_tmpl='img_{:04d}.jpg',
        pipeline=[
            dict(
                clip_len=8, frame_interval=1, num_clips=1,
                type='SampleFrames'),
            dict(type='RawFrameDecode'),
            dict(scale=(
                -1,
                256,
            ), type='Resize'),
            dict(type='RandomResizedCrop'),
            dict(keep_ratio=False, scale=(
                224,
                224,
            ), type='Resize'),
            dict(flip_ratio=0.5, type='Flip'),
            dict(input_format='NCTHW', type='FormatShape'),
            dict(type='PackActionInputs'),
        ],
        type='RawframeDataset'),
    num_workers=4,
    persistent_workers=True,
    sampler=dict(shuffle=True, type='DefaultSampler'))
val_cfg = dict(type='ValLoop')
val_dataloader = dict(
    batch_size=4,
    dataset=dict(
        ann_file=
        'F:/zyp/Thesis source code/mmaction2/projects/seasonal_pseudo_change/datasets/splits/val.txt',
        data_prefix=dict(
            img=
            'F:/zyp/Thesis source code/mmaction2/projects/seasonal_pseudo_change/datasets/rawframes'
        ),
        filename_tmpl='img_{:04d}.jpg',
        pipeline=[
            dict(
                clip_len=8,
                frame_interval=1,
                num_clips=1,
                test_mode=True,
                type='SampleFrames'),
            dict(type='RawFrameDecode'),
            dict(scale=(
                -1,
                256,
            ), type='Resize'),
            dict(crop_size=224, type='CenterCrop'),
            dict(input_format='NCTHW', type='FormatShape'),
            dict(type='PackActionInputs'),
        ],
        test_mode=True,
        type='RawframeDataset'),
    num_workers=4,
    persistent_workers=True,
    sampler=dict(shuffle=False, type='DefaultSampler'))
val_evaluator = dict(type='AccMetric')
vis_backends = [
    dict(type='LocalVisBackend'),
]
visualizer = dict(
    type='ActionVisualizer', vis_backends=[
        dict(type='LocalVisBackend'),
    ])
work_dir = './work_dirs/swin_tiny_2class'

2025/05/28 13:59:38 - mmengine - INFO - Distributed training is not used, all SyncBatchNorm (SyncBN) layers in the model will be automatically reverted to BatchNormXd layers if they are used.
2025/05/28 13:59:38 - mmengine - INFO - Hooks will be executed in the following order:
before_run:
(VERY_HIGH   ) RuntimeInfoHook                    
(BELOW_NORMAL) LoggerHook                         
 -------------------- 
before_train:
(VERY_HIGH   ) RuntimeInfoHook                    
(NORMAL      ) IterTimerHook                      
(VERY_LOW    ) CheckpointHook                     
 -------------------- 
before_train_epoch:
(VERY_HIGH   ) RuntimeInfoHook                    
(NORMAL      ) IterTimerHook                      
(NORMAL      ) DistSamplerSeedHook                
 -------------------- 
before_train_iter:
(VERY_HIGH   ) RuntimeInfoHook                    
(NORMAL      ) IterTimerHook                      
 -------------------- 
after_train_iter:
(VERY_HIGH   ) RuntimeInfoHook                    
(NORMAL      ) IterTimerHook                      
(BELOW_NORMAL) LoggerHook                         
(LOW         ) ParamSchedulerHook                 
(VERY_LOW    ) CheckpointHook                     
 -------------------- 
after_train_epoch:
(NORMAL      ) IterTimerHook                      
(NORMAL      ) SyncBuffersHook                    
(LOW         ) ParamSchedulerHook                 
(VERY_LOW    ) CheckpointHook                     
 -------------------- 
before_val:
(VERY_HIGH   ) RuntimeInfoHook                    
 -------------------- 
before_val_epoch:
(NORMAL      ) IterTimerHook                      
(NORMAL      ) SyncBuffersHook                    
 -------------------- 
before_val_iter:
(NORMAL      ) IterTimerHook                      
 -------------------- 
after_val_iter:
(NORMAL      ) IterTimerHook                      
(BELOW_NORMAL) LoggerHook                         
 -------------------- 
after_val_epoch:
(VERY_HIGH   ) RuntimeInfoHook                    
(NORMAL      ) IterTimerHook                      
(BELOW_NORMAL) LoggerHook                         
(LOW         ) ParamSchedulerHook                 
(VERY_LOW    ) CheckpointHook                     
 -------------------- 
after_val:
(VERY_HIGH   ) RuntimeInfoHook                    
 -------------------- 
after_train:
(VERY_HIGH   ) RuntimeInfoHook                    
(VERY_LOW    ) CheckpointHook                     
 -------------------- 
before_test:
(VERY_HIGH   ) RuntimeInfoHook                    
 -------------------- 
before_test_epoch:
(NORMAL      ) IterTimerHook                      
 -------------------- 
before_test_iter:
(NORMAL      ) IterTimerHook                      
 -------------------- 
after_test_iter:
(NORMAL      ) IterTimerHook                      
(BELOW_NORMAL) LoggerHook                         
 -------------------- 
after_test_epoch:
(VERY_HIGH   ) RuntimeInfoHook                    
(NORMAL      ) IterTimerHook                      
(BELOW_NORMAL) LoggerHook                         
 -------------------- 
after_test:
(VERY_HIGH   ) RuntimeInfoHook                    
 -------------------- 
after_run:
(BELOW_NORMAL) LoggerHook                         
 -------------------- 
2025/05/28 13:59:41 - mmengine - INFO - paramwise_options -- base.backbone.patch_embed.proj.weight: lr = 0.0001
2025/05/28 13:59:41 - mmengine - INFO - paramwise_options -- base.backbone.patch_embed.proj.weight: weight_decay = 0.02
2025/05/28 13:59:41 - mmengine - INFO - paramwise_options -- base.backbone.patch_embed.proj.bias: lr = 0.0001
2025/05/28 13:59:41 - mmengine - INFO - paramwise_options -- base.backbone.patch_embed.proj.bias: weight_decay = 0.0
2025/05/28 13:59:41 - mmengine - INFO - paramwise_options -- base.backbone.patch_embed.norm.weight: lr = 0.0001
2025/05/28 13:59:41 - mmengine - INFO - paramwise_options -- base.backbone.patch_embed.norm.weight: weight_decay = 0.0
2025/05/28 13:59:41 - mmengine - INFO - paramwise_options -- base.backbone.patch_embed.norm.bias: lr = 0.0001
2025/05/28 13:59:41 - mmengine - INFO - paramwise_options -- base.backbone.patch_embed.norm.bias: weight_decay = 0.0
2025/05/28 13:59:41 - mmengine - INFO - paramwise_options -- base.backbone.layers.0.blocks.0.norm1.weight: lr = 0.0001
2025/05/28 13:59:41 - mmengine - INFO - paramwise_options -- base.backbone.layers.0.blocks.0.norm1.weight: weight_decay = 0.0
2025/05/28 13:59:41 - mmengine - INFO - paramwise_options -- base.backbone.layers.0.blocks.0.norm1.bias: lr = 0.0001
2025/05/28 13:59:41 - mmengine - INFO - paramwise_options -- base.backbone.layers.0.blocks.0.norm1.bias: weight_decay = 0.0
2025/05/28 13:59:41 - mmengine - INFO - paramwise_options -- base.backbone.layers.0.blocks.0.attn.relative_position_bias_table: lr = 0.0001
2025/05/28 13:59:41 - mmengine - INFO - paramwise_options -- base.backbone.layers.0.blocks.0.attn.relative_position_bias_table: weight_decay = 0.0
2025/05/28 13:59:41 - mmengine - INFO - paramwise_options -- base.backbone.layers.0.blocks.0.attn.qkv.weight: lr = 0.0001
2025/05/28 13:59:41 - mmengine - INFO - paramwise_options -- base.backbone.layers.0.blocks.0.attn.qkv.weight: weight_decay = 0.02
2025/05/28 13:59:41 - mmengine - INFO - paramwise_options -- base.backbone.layers.0.blocks.0.attn.qkv.bias: lr = 0.0001
2025/05/28 13:59:41 - mmengine - INFO - paramwise_options -- base.backbone.layers.0.blocks.0.attn.qkv.bias: weight_decay = 0.0
2025/05/28 13:59:41 - mmengine - INFO - paramwise_options -- base.backbone.layers.0.blocks.0.attn.proj.weight: lr = 0.0001
2025/05/28 13:59:41 - mmengine - INFO - paramwise_options -- base.backbone.layers.0.blocks.0.attn.proj.weight: weight_decay = 0.02
2025/05/28 13:59:41 - mmengine - INFO - paramwise_options -- base.backbone.layers.0.blocks.0.attn.proj.bias: lr = 0.0001
2025/05/28 13:59:41 - mmengine - INFO - paramwise_options -- base.backbone.layers.0.blocks.0.attn.proj.bias: weight_decay = 0.0
2025/05/28 13:59:41 - mmengine - INFO - paramwise_options -- base.backbone.layers.0.blocks.0.norm2.weight: lr = 0.0001
2025/05/28 13:59:41 - mmengine - INFO - paramwise_options -- base.backbone.layers.0.blocks.0.norm2.weight: weight_decay = 0.0
2025/05/28 13:59:41 - mmengine - INFO - paramwise_options -- base.backbone.layers.0.blocks.0.norm2.bias: lr = 0.0001
2025/05/28 13:59:41 - mmengine - INFO - paramwise_options -- base.backbone.layers.0.blocks.0.norm2.bias: weight_decay = 0.0
2025/05/28 13:59:41 - mmengine - INFO - paramwise_options -- base.backbone.layers.0.blocks.0.mlp.fc1.weight: lr = 0.0001
2025/05/28 13:59:41 - mmengine - INFO - paramwise_options -- base.backbone.layers.0.blocks.0.mlp.fc1.weight: weight_decay = 0.02
2025/05/28 13:59:41 - mmengine - INFO - paramwise_options -- base.backbone.layers.0.blocks.0.mlp.fc1.bias: lr = 0.0001
2025/05/28 13:59:41 - mmengine - INFO - paramwise_options -- base.backbone.layers.0.blocks.0.mlp.fc1.bias: weight_decay = 0.0
2025/05/28 13:59:41 - mmengine - INFO - paramwise_options -- base.backbone.layers.0.blocks.0.mlp.fc2.weight: lr = 0.0001
2025/05/28 13:59:41 - mmengine - INFO - paramwise_options -- base.backbone.layers.0.blocks.0.mlp.fc2.weight: weight_decay = 0.02
2025/05/28 13:59:41 - mmengine - INFO - paramwise_options -- base.backbone.layers.0.blocks.0.mlp.fc2.bias: lr = 0.0001
2025/05/28 13:59:41 - mmengine - INFO - paramwise_options -- base.backbone.layers.0.blocks.0.mlp.fc2.bias: weight_decay = 0.0
2025/05/28 13:59:41 - mmengine - INFO - paramwise_options -- base.backbone.layers.0.blocks.1.norm1.weight: lr = 0.0001
2025/05/28 13:59:41 - mmengine - INFO - paramwise_options -- base.backbone.layers.0.blocks.1.norm1.weight: weight_decay = 0.0
2025/05/28 13:59:41 - mmengine - INFO - paramwise_options -- base.backbone.layers.0.blocks.1.norm1.bias: lr = 0.0001
2025/05/28 13:59:41 - mmengine - INFO - paramwise_options -- base.backbone.layers.0.blocks.1.norm1.bias: weight_decay = 0.0
2025/05/28 13:59:41 - mmengine - INFO - paramwise_options -- base.backbone.layers.0.blocks.1.attn.relative_position_bias_table: lr = 0.0001
2025/05/28 13:59:41 - mmengine - INFO - paramwise_options -- base.backbone.layers.0.blocks.1.attn.relative_position_bias_table: weight_decay = 0.0
2025/05/28 13:59:41 - mmengine - INFO - paramwise_options -- base.backbone.layers.0.blocks.1.attn.qkv.weight: lr = 0.0001
2025/05/28 13:59:41 - mmengine - INFO - paramwise_options -- base.backbone.layers.0.blocks.1.attn.qkv.weight: weight_decay = 0.02
2025/05/28 13:59:41 - mmengine - INFO - paramwise_options -- base.backbone.layers.0.blocks.1.attn.qkv.bias: lr = 0.0001
2025/05/28 13:59:41 - mmengine - INFO - paramwise_options -- base.backbone.layers.0.blocks.1.attn.qkv.bias: weight_decay = 0.0
2025/05/28 13:59:41 - mmengine - INFO - paramwise_options -- base.backbone.layers.0.blocks.1.attn.proj.weight: lr = 0.0001
2025/05/28 13:59:41 - mmengine - INFO - paramwise_options -- base.backbone.layers.0.blocks.1.attn.proj.weight: weight_decay = 0.02
2025/05/28 13:59:41 - mmengine - INFO - paramwise_options -- base.backbone.layers.0.blocks.1.attn.proj.bias: lr = 0.0001
2025/05/28 13:59:41 - mmengine - INFO - paramwise_options -- base.backbone.layers.0.blocks.1.attn.proj.bias: weight_decay = 0.0
2025/05/28 13:59:41 - mmengine - INFO - paramwise_options -- base.backbone.layers.0.blocks.1.norm2.weight: lr = 0.0001
2025/05/28 13:59:41 - mmengine - INFO - paramwise_options -- base.backbone.layers.0.blocks.1.norm2.weight: weight_decay = 0.0
2025/05/28 13:59:41 - mmengine - INFO - paramwise_options -- base.backbone.layers.0.blocks.1.norm2.bias: lr = 0.0001
2025/05/28 13:59:41 - mmengine - INFO - paramwise_options -- base.backbone.layers.0.blocks.1.norm2.bias: weight_decay = 0.0
2025/05/28 13:59:41 - mmengine - INFO - paramwise_options -- base.backbone.layers.0.blocks.1.mlp.fc1.weight: lr = 0.0001
2025/05/28 13:59:41 - mmengine - INFO - paramwise_options -- base.backbone.layers.0.blocks.1.mlp.fc1.weight: weight_decay = 0.02
2025/05/28 13:59:41 - mmengine - INFO - paramwise_options -- base.backbone.layers.0.blocks.1.mlp.fc1.bias: lr = 0.0001
2025/05/28 13:59:41 - mmengine - INFO - paramwise_options -- base.backbone.layers.0.blocks.1.mlp.fc1.bias: weight_decay = 0.0
2025/05/28 13:59:41 - mmengine - INFO - paramwise_options -- base.backbone.layers.0.blocks.1.mlp.fc2.weight: lr = 0.0001
2025/05/28 13:59:41 - mmengine - INFO - paramwise_options -- base.backbone.layers.0.blocks.1.mlp.fc2.weight: weight_decay = 0.02
2025/05/28 13:59:41 - mmengine - INFO - paramwise_options -- base.backbone.layers.0.blocks.1.mlp.fc2.bias: lr = 0.0001
2025/05/28 13:59:41 - mmengine - INFO - paramwise_options -- base.backbone.layers.0.blocks.1.mlp.fc2.bias: weight_decay = 0.0
2025/05/28 13:59:41 - mmengine - INFO - paramwise_options -- base.backbone.layers.0.downsample.reduction.weight: lr = 0.0001
2025/05/28 13:59:41 - mmengine - INFO - paramwise_options -- base.backbone.layers.0.downsample.reduction.weight: weight_decay = 0.02
2025/05/28 13:59:41 - mmengine - INFO - paramwise_options -- base.backbone.layers.0.downsample.norm.weight: lr = 0.0001
2025/05/28 13:59:41 - mmengine - INFO - paramwise_options -- base.backbone.layers.0.downsample.norm.weight: weight_decay = 0.0
2025/05/28 13:59:41 - mmengine - INFO - paramwise_options -- base.backbone.layers.0.downsample.norm.bias: lr = 0.0001
2025/05/28 13:59:41 - mmengine - INFO - paramwise_options -- base.backbone.layers.0.downsample.norm.bias: weight_decay = 0.0
2025/05/28 13:59:41 - mmengine - INFO - paramwise_options -- base.backbone.layers.1.blocks.0.norm1.weight: lr = 0.0001
2025/05/28 13:59:41 - mmengine - INFO - paramwise_options -- base.backbone.layers.1.blocks.0.norm1.weight: weight_decay = 0.0
2025/05/28 13:59:41 - mmengine - INFO - paramwise_options -- base.backbone.layers.1.blocks.0.norm1.bias: lr = 0.0001
2025/05/28 13:59:41 - mmengine - INFO - paramwise_options -- base.backbone.layers.1.blocks.0.norm1.bias: weight_decay = 0.0
2025/05/28 13:59:41 - mmengine - INFO - paramwise_options -- base.backbone.layers.1.blocks.0.attn.relative_position_bias_table: lr = 0.0001
2025/05/28 13:59:41 - mmengine - INFO - paramwise_options -- base.backbone.layers.1.blocks.0.attn.relative_position_bias_table: weight_decay = 0.0
2025/05/28 13:59:41 - mmengine - INFO - paramwise_options -- base.backbone.layers.1.blocks.0.attn.qkv.weight: lr = 0.0001
2025/05/28 13:59:41 - mmengine - INFO - paramwise_options -- base.backbone.layers.1.blocks.0.attn.qkv.weight: weight_decay = 0.02
2025/05/28 13:59:41 - mmengine - INFO - paramwise_options -- base.backbone.layers.1.blocks.0.attn.qkv.bias: lr = 0.0001
2025/05/28 13:59:41 - mmengine - INFO - paramwise_options -- base.backbone.layers.1.blocks.0.attn.qkv.bias: weight_decay = 0.0
2025/05/28 13:59:41 - mmengine - INFO - paramwise_options -- base.backbone.layers.1.blocks.0.attn.proj.weight: lr = 0.0001
2025/05/28 13:59:41 - mmengine - INFO - paramwise_options -- base.backbone.layers.1.blocks.0.attn.proj.weight: weight_decay = 0.02
2025/05/28 13:59:41 - mmengine - INFO - paramwise_options -- base.backbone.layers.1.blocks.0.attn.proj.bias: lr = 0.0001
2025/05/28 13:59:41 - mmengine - INFO - paramwise_options -- base.backbone.layers.1.blocks.0.attn.proj.bias: weight_decay = 0.0
2025/05/28 13:59:41 - mmengine - INFO - paramwise_options -- base.backbone.layers.1.blocks.0.norm2.weight: lr = 0.0001
2025/05/28 13:59:41 - mmengine - INFO - paramwise_options -- base.backbone.layers.1.blocks.0.norm2.weight: weight_decay = 0.0
2025/05/28 13:59:41 - mmengine - INFO - paramwise_options -- base.backbone.layers.1.blocks.0.norm2.bias: lr = 0.0001
2025/05/28 13:59:41 - mmengine - INFO - paramwise_options -- base.backbone.layers.1.blocks.0.norm2.bias: weight_decay = 0.0
2025/05/28 13:59:41 - mmengine - INFO - paramwise_options -- base.backbone.layers.1.blocks.0.mlp.fc1.weight: lr = 0.0001
2025/05/28 13:59:41 - mmengine - INFO - paramwise_options -- base.backbone.layers.1.blocks.0.mlp.fc1.weight: weight_decay = 0.02
2025/05/28 13:59:41 - mmengine - INFO - paramwise_options -- base.backbone.layers.1.blocks.0.mlp.fc1.bias: lr = 0.0001
2025/05/28 13:59:41 - mmengine - INFO - paramwise_options -- base.backbone.layers.1.blocks.0.mlp.fc1.bias: weight_decay = 0.0
2025/05/28 13:59:41 - mmengine - INFO - paramwise_options -- base.backbone.layers.1.blocks.0.mlp.fc2.weight: lr = 0.0001
2025/05/28 13:59:41 - mmengine - INFO - paramwise_options -- base.backbone.layers.1.blocks.0.mlp.fc2.weight: weight_decay = 0.02
2025/05/28 13:59:41 - mmengine - INFO - paramwise_options -- base.backbone.layers.1.blocks.0.mlp.fc2.bias: lr = 0.0001
2025/05/28 13:59:41 - mmengine - INFO - paramwise_options -- base.backbone.layers.1.blocks.0.mlp.fc2.bias: weight_decay = 0.0
2025/05/28 13:59:41 - mmengine - INFO - paramwise_options -- base.backbone.layers.1.blocks.1.norm1.weight: lr = 0.0001
2025/05/28 13:59:41 - mmengine - INFO - paramwise_options -- base.backbone.layers.1.blocks.1.norm1.weight: weight_decay = 0.0
2025/05/28 13:59:41 - mmengine - INFO - paramwise_options -- base.backbone.layers.1.blocks.1.norm1.bias: lr = 0.0001
2025/05/28 13:59:41 - mmengine - INFO - paramwise_options -- base.backbone.layers.1.blocks.1.norm1.bias: weight_decay = 0.0
2025/05/28 13:59:41 - mmengine - INFO - paramwise_options -- base.backbone.layers.1.blocks.1.attn.relative_position_bias_table: lr = 0.0001
2025/05/28 13:59:41 - mmengine - INFO - paramwise_options -- base.backbone.layers.1.blocks.1.attn.relative_position_bias_table: weight_decay = 0.0
2025/05/28 13:59:41 - mmengine - INFO - paramwise_options -- base.backbone.layers.1.blocks.1.attn.qkv.weight: lr = 0.0001
2025/05/28 13:59:41 - mmengine - INFO - paramwise_options -- base.backbone.layers.1.blocks.1.attn.qkv.weight: weight_decay = 0.02
2025/05/28 13:59:41 - mmengine - INFO - paramwise_options -- base.backbone.layers.1.blocks.1.attn.qkv.bias: lr = 0.0001
2025/05/28 13:59:41 - mmengine - INFO - paramwise_options -- base.backbone.layers.1.blocks.1.attn.qkv.bias: weight_decay = 0.0
2025/05/28 13:59:41 - mmengine - INFO - paramwise_options -- base.backbone.layers.1.blocks.1.attn.proj.weight: lr = 0.0001
2025/05/28 13:59:41 - mmengine - INFO - paramwise_options -- base.backbone.layers.1.blocks.1.attn.proj.weight: weight_decay = 0.02
2025/05/28 13:59:41 - mmengine - INFO - paramwise_options -- base.backbone.layers.1.blocks.1.attn.proj.bias: lr = 0.0001
2025/05/28 13:59:41 - mmengine - INFO - paramwise_options -- base.backbone.layers.1.blocks.1.attn.proj.bias: weight_decay = 0.0
2025/05/28 13:59:41 - mmengine - INFO - paramwise_options -- base.backbone.layers.1.blocks.1.norm2.weight: lr = 0.0001
2025/05/28 13:59:41 - mmengine - INFO - paramwise_options -- base.backbone.layers.1.blocks.1.norm2.weight: weight_decay = 0.0
2025/05/28 13:59:41 - mmengine - INFO - paramwise_options -- base.backbone.layers.1.blocks.1.norm2.bias: lr = 0.0001
2025/05/28 13:59:41 - mmengine - INFO - paramwise_options -- base.backbone.layers.1.blocks.1.norm2.bias: weight_decay = 0.0
2025/05/28 13:59:41 - mmengine - INFO - paramwise_options -- base.backbone.layers.1.blocks.1.mlp.fc1.weight: lr = 0.0001
2025/05/28 13:59:41 - mmengine - INFO - paramwise_options -- base.backbone.layers.1.blocks.1.mlp.fc1.weight: weight_decay = 0.02
2025/05/28 13:59:41 - mmengine - INFO - paramwise_options -- base.backbone.layers.1.blocks.1.mlp.fc1.bias: lr = 0.0001
2025/05/28 13:59:41 - mmengine - INFO - paramwise_options -- base.backbone.layers.1.blocks.1.mlp.fc1.bias: weight_decay = 0.0
2025/05/28 13:59:41 - mmengine - INFO - paramwise_options -- base.backbone.layers.1.blocks.1.mlp.fc2.weight: lr = 0.0001
2025/05/28 13:59:41 - mmengine - INFO - paramwise_options -- base.backbone.layers.1.blocks.1.mlp.fc2.weight: weight_decay = 0.02
2025/05/28 13:59:41 - mmengine - INFO - paramwise_options -- base.backbone.layers.1.blocks.1.mlp.fc2.bias: lr = 0.0001
2025/05/28 13:59:41 - mmengine - INFO - paramwise_options -- base.backbone.layers.1.blocks.1.mlp.fc2.bias: weight_decay = 0.0
2025/05/28 13:59:41 - mmengine - INFO - paramwise_options -- base.backbone.layers.1.downsample.reduction.weight: lr = 0.0001
2025/05/28 13:59:41 - mmengine - INFO - paramwise_options -- base.backbone.layers.1.downsample.reduction.weight: weight_decay = 0.02
2025/05/28 13:59:41 - mmengine - INFO - paramwise_options -- base.backbone.layers.1.downsample.norm.weight: lr = 0.0001
2025/05/28 13:59:41 - mmengine - INFO - paramwise_options -- base.backbone.layers.1.downsample.norm.weight: weight_decay = 0.0
2025/05/28 13:59:41 - mmengine - INFO - paramwise_options -- base.backbone.layers.1.downsample.norm.bias: lr = 0.0001
2025/05/28 13:59:41 - mmengine - INFO - paramwise_options -- base.backbone.layers.1.downsample.norm.bias: weight_decay = 0.0
2025/05/28 13:59:41 - mmengine - INFO - paramwise_options -- base.backbone.layers.2.blocks.0.norm1.weight: lr = 0.0001
2025/05/28 13:59:41 - mmengine - INFO - paramwise_options -- base.backbone.layers.2.blocks.0.norm1.weight: weight_decay = 0.0
2025/05/28 13:59:41 - mmengine - INFO - paramwise_options -- base.backbone.layers.2.blocks.0.norm1.bias: lr = 0.0001
2025/05/28 13:59:41 - mmengine - INFO - paramwise_options -- base.backbone.layers.2.blocks.0.norm1.bias: weight_decay = 0.0
2025/05/28 13:59:41 - mmengine - INFO - paramwise_options -- base.backbone.layers.2.blocks.0.attn.relative_position_bias_table: lr = 0.0001
2025/05/28 13:59:41 - mmengine - INFO - paramwise_options -- base.backbone.layers.2.blocks.0.attn.relative_position_bias_table: weight_decay = 0.0
2025/05/28 13:59:41 - mmengine - INFO - paramwise_options -- base.backbone.layers.2.blocks.0.attn.qkv.weight: lr = 0.0001
2025/05/28 13:59:41 - mmengine - INFO - paramwise_options -- base.backbone.layers.2.blocks.0.attn.qkv.weight: weight_decay = 0.02
2025/05/28 13:59:41 - mmengine - INFO - paramwise_options -- base.backbone.layers.2.blocks.0.attn.qkv.bias: lr = 0.0001
2025/05/28 13:59:41 - mmengine - INFO - paramwise_options -- base.backbone.layers.2.blocks.0.attn.qkv.bias: weight_decay = 0.0
2025/05/28 13:59:41 - mmengine - INFO - paramwise_options -- base.backbone.layers.2.blocks.0.attn.proj.weight: lr = 0.0001
2025/05/28 13:59:41 - mmengine - INFO - paramwise_options -- base.backbone.layers.2.blocks.0.attn.proj.weight: weight_decay = 0.02
2025/05/28 13:59:41 - mmengine - INFO - paramwise_options -- base.backbone.layers.2.blocks.0.attn.proj.bias: lr = 0.0001
2025/05/28 13:59:41 - mmengine - INFO - paramwise_options -- base.backbone.layers.2.blocks.0.attn.proj.bias: weight_decay = 0.0
2025/05/28 13:59:41 - mmengine - INFO - paramwise_options -- base.backbone.layers.2.blocks.0.norm2.weight: lr = 0.0001
2025/05/28 13:59:41 - mmengine - INFO - paramwise_options -- base.backbone.layers.2.blocks.0.norm2.weight: weight_decay = 0.0
2025/05/28 13:59:41 - mmengine - INFO - paramwise_options -- base.backbone.layers.2.blocks.0.norm2.bias: lr = 0.0001
2025/05/28 13:59:41 - mmengine - INFO - paramwise_options -- base.backbone.layers.2.blocks.0.norm2.bias: weight_decay = 0.0
2025/05/28 13:59:41 - mmengine - INFO - paramwise_options -- base.backbone.layers.2.blocks.0.mlp.fc1.weight: lr = 0.0001
2025/05/28 13:59:41 - mmengine - INFO - paramwise_options -- base.backbone.layers.2.blocks.0.mlp.fc1.weight: weight_decay = 0.02
2025/05/28 13:59:41 - mmengine - INFO - paramwise_options -- base.backbone.layers.2.blocks.0.mlp.fc1.bias: lr = 0.0001
2025/05/28 13:59:41 - mmengine - INFO - paramwise_options -- base.backbone.layers.2.blocks.0.mlp.fc1.bias: weight_decay = 0.0
2025/05/28 13:59:41 - mmengine - INFO - paramwise_options -- base.backbone.layers.2.blocks.0.mlp.fc2.weight: lr = 0.0001
2025/05/28 13:59:41 - mmengine - INFO - paramwise_options -- base.backbone.layers.2.blocks.0.mlp.fc2.weight: weight_decay = 0.02
2025/05/28 13:59:41 - mmengine - INFO - paramwise_options -- base.backbone.layers.2.blocks.0.mlp.fc2.bias: lr = 0.0001
2025/05/28 13:59:41 - mmengine - INFO - paramwise_options -- base.backbone.layers.2.blocks.0.mlp.fc2.bias: weight_decay = 0.0
2025/05/28 13:59:41 - mmengine - INFO - paramwise_options -- base.backbone.layers.2.blocks.1.norm1.weight: lr = 0.0001
2025/05/28 13:59:41 - mmengine - INFO - paramwise_options -- base.backbone.layers.2.blocks.1.norm1.weight: weight_decay = 0.0
2025/05/28 13:59:41 - mmengine - INFO - paramwise_options -- base.backbone.layers.2.blocks.1.norm1.bias: lr = 0.0001
2025/05/28 13:59:41 - mmengine - INFO - paramwise_options -- base.backbone.layers.2.blocks.1.norm1.bias: weight_decay = 0.0
2025/05/28 13:59:41 - mmengine - INFO - paramwise_options -- base.backbone.layers.2.blocks.1.attn.relative_position_bias_table: lr = 0.0001
2025/05/28 13:59:41 - mmengine - INFO - paramwise_options -- base.backbone.layers.2.blocks.1.attn.relative_position_bias_table: weight_decay = 0.0
2025/05/28 13:59:41 - mmengine - INFO - paramwise_options -- base.backbone.layers.2.blocks.1.attn.qkv.weight: lr = 0.0001
2025/05/28 13:59:41 - mmengine - INFO - paramwise_options -- base.backbone.layers.2.blocks.1.attn.qkv.weight: weight_decay = 0.02
2025/05/28 13:59:41 - mmengine - INFO - paramwise_options -- base.backbone.layers.2.blocks.1.attn.qkv.bias: lr = 0.0001
2025/05/28 13:59:41 - mmengine - INFO - paramwise_options -- base.backbone.layers.2.blocks.1.attn.qkv.bias: weight_decay = 0.0
2025/05/28 13:59:41 - mmengine - INFO - paramwise_options -- base.backbone.layers.2.blocks.1.attn.proj.weight: lr = 0.0001
2025/05/28 13:59:41 - mmengine - INFO - paramwise_options -- base.backbone.layers.2.blocks.1.attn.proj.weight: weight_decay = 0.02
2025/05/28 13:59:41 - mmengine - INFO - paramwise_options -- base.backbone.layers.2.blocks.1.attn.proj.bias: lr = 0.0001
2025/05/28 13:59:41 - mmengine - INFO - paramwise_options -- base.backbone.layers.2.blocks.1.attn.proj.bias: weight_decay = 0.0
2025/05/28 13:59:41 - mmengine - INFO - paramwise_options -- base.backbone.layers.2.blocks.1.norm2.weight: lr = 0.0001
2025/05/28 13:59:41 - mmengine - INFO - paramwise_options -- base.backbone.layers.2.blocks.1.norm2.weight: weight_decay = 0.0
2025/05/28 13:59:41 - mmengine - INFO - paramwise_options -- base.backbone.layers.2.blocks.1.norm2.bias: lr = 0.0001
2025/05/28 13:59:41 - mmengine - INFO - paramwise_options -- base.backbone.layers.2.blocks.1.norm2.bias: weight_decay = 0.0
2025/05/28 13:59:41 - mmengine - INFO - paramwise_options -- base.backbone.layers.2.blocks.1.mlp.fc1.weight: lr = 0.0001
2025/05/28 13:59:41 - mmengine - INFO - paramwise_options -- base.backbone.layers.2.blocks.1.mlp.fc1.weight: weight_decay = 0.02
2025/05/28 13:59:41 - mmengine - INFO - paramwise_options -- base.backbone.layers.2.blocks.1.mlp.fc1.bias: lr = 0.0001
2025/05/28 13:59:41 - mmengine - INFO - paramwise_options -- base.backbone.layers.2.blocks.1.mlp.fc1.bias: weight_decay = 0.0
2025/05/28 13:59:41 - mmengine - INFO - paramwise_options -- base.backbone.layers.2.blocks.1.mlp.fc2.weight: lr = 0.0001
2025/05/28 13:59:41 - mmengine - INFO - paramwise_options -- base.backbone.layers.2.blocks.1.mlp.fc2.weight: weight_decay = 0.02
2025/05/28 13:59:41 - mmengine - INFO - paramwise_options -- base.backbone.layers.2.blocks.1.mlp.fc2.bias: lr = 0.0001
2025/05/28 13:59:41 - mmengine - INFO - paramwise_options -- base.backbone.layers.2.blocks.1.mlp.fc2.bias: weight_decay = 0.0
2025/05/28 13:59:41 - mmengine - INFO - paramwise_options -- base.backbone.layers.2.blocks.2.norm1.weight: lr = 0.0001
2025/05/28 13:59:41 - mmengine - INFO - paramwise_options -- base.backbone.layers.2.blocks.2.norm1.weight: weight_decay = 0.0
2025/05/28 13:59:41 - mmengine - INFO - paramwise_options -- base.backbone.layers.2.blocks.2.norm1.bias: lr = 0.0001
2025/05/28 13:59:41 - mmengine - INFO - paramwise_options -- base.backbone.layers.2.blocks.2.norm1.bias: weight_decay = 0.0
2025/05/28 13:59:41 - mmengine - INFO - paramwise_options -- base.backbone.layers.2.blocks.2.attn.relative_position_bias_table: lr = 0.0001
2025/05/28 13:59:41 - mmengine - INFO - paramwise_options -- base.backbone.layers.2.blocks.2.attn.relative_position_bias_table: weight_decay = 0.0
2025/05/28 13:59:41 - mmengine - INFO - paramwise_options -- base.backbone.layers.2.blocks.2.attn.qkv.weight: lr = 0.0001
2025/05/28 13:59:41 - mmengine - INFO - paramwise_options -- base.backbone.layers.2.blocks.2.attn.qkv.weight: weight_decay = 0.02
2025/05/28 13:59:41 - mmengine - INFO - paramwise_options -- base.backbone.layers.2.blocks.2.attn.qkv.bias: lr = 0.0001
2025/05/28 13:59:41 - mmengine - INFO - paramwise_options -- base.backbone.layers.2.blocks.2.attn.qkv.bias: weight_decay = 0.0
2025/05/28 13:59:41 - mmengine - INFO - paramwise_options -- base.backbone.layers.2.blocks.2.attn.proj.weight: lr = 0.0001
2025/05/28 13:59:41 - mmengine - INFO - paramwise_options -- base.backbone.layers.2.blocks.2.attn.proj.weight: weight_decay = 0.02
2025/05/28 13:59:41 - mmengine - INFO - paramwise_options -- base.backbone.layers.2.blocks.2.attn.proj.bias: lr = 0.0001
2025/05/28 13:59:41 - mmengine - INFO - paramwise_options -- base.backbone.layers.2.blocks.2.attn.proj.bias: weight_decay = 0.0
2025/05/28 13:59:41 - mmengine - INFO - paramwise_options -- base.backbone.layers.2.blocks.2.norm2.weight: lr = 0.0001
2025/05/28 13:59:41 - mmengine - INFO - paramwise_options -- base.backbone.layers.2.blocks.2.norm2.weight: weight_decay = 0.0
2025/05/28 13:59:41 - mmengine - INFO - paramwise_options -- base.backbone.layers.2.blocks.2.norm2.bias: lr = 0.0001
2025/05/28 13:59:41 - mmengine - INFO - paramwise_options -- base.backbone.layers.2.blocks.2.norm2.bias: weight_decay = 0.0
2025/05/28 13:59:41 - mmengine - INFO - paramwise_options -- base.backbone.layers.2.blocks.2.mlp.fc1.weight: lr = 0.0001
2025/05/28 13:59:41 - mmengine - INFO - paramwise_options -- base.backbone.layers.2.blocks.2.mlp.fc1.weight: weight_decay = 0.02
2025/05/28 13:59:41 - mmengine - INFO - paramwise_options -- base.backbone.layers.2.blocks.2.mlp.fc1.bias: lr = 0.0001
2025/05/28 13:59:41 - mmengine - INFO - paramwise_options -- base.backbone.layers.2.blocks.2.mlp.fc1.bias: weight_decay = 0.0
2025/05/28 13:59:41 - mmengine - INFO - paramwise_options -- base.backbone.layers.2.blocks.2.mlp.fc2.weight: lr = 0.0001
2025/05/28 13:59:41 - mmengine - INFO - paramwise_options -- base.backbone.layers.2.blocks.2.mlp.fc2.weight: weight_decay = 0.02
2025/05/28 13:59:41 - mmengine - INFO - paramwise_options -- base.backbone.layers.2.blocks.2.mlp.fc2.bias: lr = 0.0001
2025/05/28 13:59:41 - mmengine - INFO - paramwise_options -- base.backbone.layers.2.blocks.2.mlp.fc2.bias: weight_decay = 0.0
2025/05/28 13:59:41 - mmengine - INFO - paramwise_options -- base.backbone.layers.2.blocks.3.norm1.weight: lr = 0.0001
2025/05/28 13:59:41 - mmengine - INFO - paramwise_options -- base.backbone.layers.2.blocks.3.norm1.weight: weight_decay = 0.0
2025/05/28 13:59:41 - mmengine - INFO - paramwise_options -- base.backbone.layers.2.blocks.3.norm1.bias: lr = 0.0001
2025/05/28 13:59:41 - mmengine - INFO - paramwise_options -- base.backbone.layers.2.blocks.3.norm1.bias: weight_decay = 0.0
2025/05/28 13:59:41 - mmengine - INFO - paramwise_options -- base.backbone.layers.2.blocks.3.attn.relative_position_bias_table: lr = 0.0001
2025/05/28 13:59:41 - mmengine - INFO - paramwise_options -- base.backbone.layers.2.blocks.3.attn.relative_position_bias_table: weight_decay = 0.0
2025/05/28 13:59:41 - mmengine - INFO - paramwise_options -- base.backbone.layers.2.blocks.3.attn.qkv.weight: lr = 0.0001
2025/05/28 13:59:41 - mmengine - INFO - paramwise_options -- base.backbone.layers.2.blocks.3.attn.qkv.weight: weight_decay = 0.02
2025/05/28 13:59:41 - mmengine - INFO - paramwise_options -- base.backbone.layers.2.blocks.3.attn.qkv.bias: lr = 0.0001
2025/05/28 13:59:41 - mmengine - INFO - paramwise_options -- base.backbone.layers.2.blocks.3.attn.qkv.bias: weight_decay = 0.0
2025/05/28 13:59:41 - mmengine - INFO - paramwise_options -- base.backbone.layers.2.blocks.3.attn.proj.weight: lr = 0.0001
2025/05/28 13:59:41 - mmengine - INFO - paramwise_options -- base.backbone.layers.2.blocks.3.attn.proj.weight: weight_decay = 0.02
2025/05/28 13:59:41 - mmengine - INFO - paramwise_options -- base.backbone.layers.2.blocks.3.attn.proj.bias: lr = 0.0001
2025/05/28 13:59:41 - mmengine - INFO - paramwise_options -- base.backbone.layers.2.blocks.3.attn.proj.bias: weight_decay = 0.0
2025/05/28 13:59:41 - mmengine - INFO - paramwise_options -- base.backbone.layers.2.blocks.3.norm2.weight: lr = 0.0001
2025/05/28 13:59:41 - mmengine - INFO - paramwise_options -- base.backbone.layers.2.blocks.3.norm2.weight: weight_decay = 0.0
2025/05/28 13:59:41 - mmengine - INFO - paramwise_options -- base.backbone.layers.2.blocks.3.norm2.bias: lr = 0.0001
2025/05/28 13:59:41 - mmengine - INFO - paramwise_options -- base.backbone.layers.2.blocks.3.norm2.bias: weight_decay = 0.0
2025/05/28 13:59:41 - mmengine - INFO - paramwise_options -- base.backbone.layers.2.blocks.3.mlp.fc1.weight: lr = 0.0001
2025/05/28 13:59:41 - mmengine - INFO - paramwise_options -- base.backbone.layers.2.blocks.3.mlp.fc1.weight: weight_decay = 0.02
2025/05/28 13:59:41 - mmengine - INFO - paramwise_options -- base.backbone.layers.2.blocks.3.mlp.fc1.bias: lr = 0.0001
2025/05/28 13:59:41 - mmengine - INFO - paramwise_options -- base.backbone.layers.2.blocks.3.mlp.fc1.bias: weight_decay = 0.0
2025/05/28 13:59:41 - mmengine - INFO - paramwise_options -- base.backbone.layers.2.blocks.3.mlp.fc2.weight: lr = 0.0001
2025/05/28 13:59:41 - mmengine - INFO - paramwise_options -- base.backbone.layers.2.blocks.3.mlp.fc2.weight: weight_decay = 0.02
2025/05/28 13:59:41 - mmengine - INFO - paramwise_options -- base.backbone.layers.2.blocks.3.mlp.fc2.bias: lr = 0.0001
2025/05/28 13:59:41 - mmengine - INFO - paramwise_options -- base.backbone.layers.2.blocks.3.mlp.fc2.bias: weight_decay = 0.0
2025/05/28 13:59:41 - mmengine - INFO - paramwise_options -- base.backbone.layers.2.blocks.4.norm1.weight: lr = 0.0001
2025/05/28 13:59:41 - mmengine - INFO - paramwise_options -- base.backbone.layers.2.blocks.4.norm1.weight: weight_decay = 0.0
2025/05/28 13:59:41 - mmengine - INFO - paramwise_options -- base.backbone.layers.2.blocks.4.norm1.bias: lr = 0.0001
2025/05/28 13:59:41 - mmengine - INFO - paramwise_options -- base.backbone.layers.2.blocks.4.norm1.bias: weight_decay = 0.0
2025/05/28 13:59:41 - mmengine - INFO - paramwise_options -- base.backbone.layers.2.blocks.4.attn.relative_position_bias_table: lr = 0.0001
2025/05/28 13:59:41 - mmengine - INFO - paramwise_options -- base.backbone.layers.2.blocks.4.attn.relative_position_bias_table: weight_decay = 0.0
2025/05/28 13:59:41 - mmengine - INFO - paramwise_options -- base.backbone.layers.2.blocks.4.attn.qkv.weight: lr = 0.0001
2025/05/28 13:59:41 - mmengine - INFO - paramwise_options -- base.backbone.layers.2.blocks.4.attn.qkv.weight: weight_decay = 0.02
2025/05/28 13:59:41 - mmengine - INFO - paramwise_options -- base.backbone.layers.2.blocks.4.attn.qkv.bias: lr = 0.0001
2025/05/28 13:59:41 - mmengine - INFO - paramwise_options -- base.backbone.layers.2.blocks.4.attn.qkv.bias: weight_decay = 0.0
2025/05/28 13:59:41 - mmengine - INFO - paramwise_options -- base.backbone.layers.2.blocks.4.attn.proj.weight: lr = 0.0001
2025/05/28 13:59:41 - mmengine - INFO - paramwise_options -- base.backbone.layers.2.blocks.4.attn.proj.weight: weight_decay = 0.02
2025/05/28 13:59:41 - mmengine - INFO - paramwise_options -- base.backbone.layers.2.blocks.4.attn.proj.bias: lr = 0.0001
2025/05/28 13:59:41 - mmengine - INFO - paramwise_options -- base.backbone.layers.2.blocks.4.attn.proj.bias: weight_decay = 0.0
2025/05/28 13:59:41 - mmengine - INFO - paramwise_options -- base.backbone.layers.2.blocks.4.norm2.weight: lr = 0.0001
2025/05/28 13:59:41 - mmengine - INFO - paramwise_options -- base.backbone.layers.2.blocks.4.norm2.weight: weight_decay = 0.0
2025/05/28 13:59:41 - mmengine - INFO - paramwise_options -- base.backbone.layers.2.blocks.4.norm2.bias: lr = 0.0001
2025/05/28 13:59:41 - mmengine - INFO - paramwise_options -- base.backbone.layers.2.blocks.4.norm2.bias: weight_decay = 0.0
2025/05/28 13:59:41 - mmengine - INFO - paramwise_options -- base.backbone.layers.2.blocks.4.mlp.fc1.weight: lr = 0.0001
2025/05/28 13:59:41 - mmengine - INFO - paramwise_options -- base.backbone.layers.2.blocks.4.mlp.fc1.weight: weight_decay = 0.02
2025/05/28 13:59:41 - mmengine - INFO - paramwise_options -- base.backbone.layers.2.blocks.4.mlp.fc1.bias: lr = 0.0001
2025/05/28 13:59:41 - mmengine - INFO - paramwise_options -- base.backbone.layers.2.blocks.4.mlp.fc1.bias: weight_decay = 0.0
2025/05/28 13:59:41 - mmengine - INFO - paramwise_options -- base.backbone.layers.2.blocks.4.mlp.fc2.weight: lr = 0.0001
2025/05/28 13:59:41 - mmengine - INFO - paramwise_options -- base.backbone.layers.2.blocks.4.mlp.fc2.weight: weight_decay = 0.02
2025/05/28 13:59:41 - mmengine - INFO - paramwise_options -- base.backbone.layers.2.blocks.4.mlp.fc2.bias: lr = 0.0001
2025/05/28 13:59:41 - mmengine - INFO - paramwise_options -- base.backbone.layers.2.blocks.4.mlp.fc2.bias: weight_decay = 0.0
2025/05/28 13:59:41 - mmengine - INFO - paramwise_options -- base.backbone.layers.2.blocks.5.norm1.weight: lr = 0.0001
2025/05/28 13:59:41 - mmengine - INFO - paramwise_options -- base.backbone.layers.2.blocks.5.norm1.weight: weight_decay = 0.0
2025/05/28 13:59:41 - mmengine - INFO - paramwise_options -- base.backbone.layers.2.blocks.5.norm1.bias: lr = 0.0001
2025/05/28 13:59:41 - mmengine - INFO - paramwise_options -- base.backbone.layers.2.blocks.5.norm1.bias: weight_decay = 0.0
2025/05/28 13:59:41 - mmengine - INFO - paramwise_options -- base.backbone.layers.2.blocks.5.attn.relative_position_bias_table: lr = 0.0001
2025/05/28 13:59:41 - mmengine - INFO - paramwise_options -- base.backbone.layers.2.blocks.5.attn.relative_position_bias_table: weight_decay = 0.0
2025/05/28 13:59:41 - mmengine - INFO - paramwise_options -- base.backbone.layers.2.blocks.5.attn.qkv.weight: lr = 0.0001
2025/05/28 13:59:41 - mmengine - INFO - paramwise_options -- base.backbone.layers.2.blocks.5.attn.qkv.weight: weight_decay = 0.02
2025/05/28 13:59:41 - mmengine - INFO - paramwise_options -- base.backbone.layers.2.blocks.5.attn.qkv.bias: lr = 0.0001
2025/05/28 13:59:41 - mmengine - INFO - paramwise_options -- base.backbone.layers.2.blocks.5.attn.qkv.bias: weight_decay = 0.0
2025/05/28 13:59:41 - mmengine - INFO - paramwise_options -- base.backbone.layers.2.blocks.5.attn.proj.weight: lr = 0.0001
2025/05/28 13:59:41 - mmengine - INFO - paramwise_options -- base.backbone.layers.2.blocks.5.attn.proj.weight: weight_decay = 0.02
2025/05/28 13:59:41 - mmengine - INFO - paramwise_options -- base.backbone.layers.2.blocks.5.attn.proj.bias: lr = 0.0001
2025/05/28 13:59:41 - mmengine - INFO - paramwise_options -- base.backbone.layers.2.blocks.5.attn.proj.bias: weight_decay = 0.0
2025/05/28 13:59:41 - mmengine - INFO - paramwise_options -- base.backbone.layers.2.blocks.5.norm2.weight: lr = 0.0001
2025/05/28 13:59:41 - mmengine - INFO - paramwise_options -- base.backbone.layers.2.blocks.5.norm2.weight: weight_decay = 0.0
2025/05/28 13:59:41 - mmengine - INFO - paramwise_options -- base.backbone.layers.2.blocks.5.norm2.bias: lr = 0.0001
2025/05/28 13:59:41 - mmengine - INFO - paramwise_options -- base.backbone.layers.2.blocks.5.norm2.bias: weight_decay = 0.0
2025/05/28 13:59:41 - mmengine - INFO - paramwise_options -- base.backbone.layers.2.blocks.5.mlp.fc1.weight: lr = 0.0001
2025/05/28 13:59:41 - mmengine - INFO - paramwise_options -- base.backbone.layers.2.blocks.5.mlp.fc1.weight: weight_decay = 0.02
2025/05/28 13:59:41 - mmengine - INFO - paramwise_options -- base.backbone.layers.2.blocks.5.mlp.fc1.bias: lr = 0.0001
2025/05/28 13:59:41 - mmengine - INFO - paramwise_options -- base.backbone.layers.2.blocks.5.mlp.fc1.bias: weight_decay = 0.0
2025/05/28 13:59:41 - mmengine - INFO - paramwise_options -- base.backbone.layers.2.blocks.5.mlp.fc2.weight: lr = 0.0001
2025/05/28 13:59:41 - mmengine - INFO - paramwise_options -- base.backbone.layers.2.blocks.5.mlp.fc2.weight: weight_decay = 0.02
2025/05/28 13:59:41 - mmengine - INFO - paramwise_options -- base.backbone.layers.2.blocks.5.mlp.fc2.bias: lr = 0.0001
2025/05/28 13:59:41 - mmengine - INFO - paramwise_options -- base.backbone.layers.2.blocks.5.mlp.fc2.bias: weight_decay = 0.0
2025/05/28 13:59:41 - mmengine - INFO - paramwise_options -- base.backbone.layers.2.downsample.reduction.weight: lr = 0.0001
2025/05/28 13:59:41 - mmengine - INFO - paramwise_options -- base.backbone.layers.2.downsample.reduction.weight: weight_decay = 0.02
2025/05/28 13:59:41 - mmengine - INFO - paramwise_options -- base.backbone.layers.2.downsample.norm.weight: lr = 0.0001
2025/05/28 13:59:41 - mmengine - INFO - paramwise_options -- base.backbone.layers.2.downsample.norm.weight: weight_decay = 0.0
2025/05/28 13:59:41 - mmengine - INFO - paramwise_options -- base.backbone.layers.2.downsample.norm.bias: lr = 0.0001
2025/05/28 13:59:41 - mmengine - INFO - paramwise_options -- base.backbone.layers.2.downsample.norm.bias: weight_decay = 0.0
2025/05/28 13:59:41 - mmengine - INFO - paramwise_options -- base.backbone.layers.3.blocks.0.norm1.weight: lr = 0.0001
2025/05/28 13:59:41 - mmengine - INFO - paramwise_options -- base.backbone.layers.3.blocks.0.norm1.weight: weight_decay = 0.0
2025/05/28 13:59:41 - mmengine - INFO - paramwise_options -- base.backbone.layers.3.blocks.0.norm1.bias: lr = 0.0001
2025/05/28 13:59:41 - mmengine - INFO - paramwise_options -- base.backbone.layers.3.blocks.0.norm1.bias: weight_decay = 0.0
2025/05/28 13:59:41 - mmengine - INFO - paramwise_options -- base.backbone.layers.3.blocks.0.attn.relative_position_bias_table: lr = 0.0001
2025/05/28 13:59:41 - mmengine - INFO - paramwise_options -- base.backbone.layers.3.blocks.0.attn.relative_position_bias_table: weight_decay = 0.0
2025/05/28 13:59:41 - mmengine - INFO - paramwise_options -- base.backbone.layers.3.blocks.0.attn.qkv.weight: lr = 0.0001
2025/05/28 13:59:41 - mmengine - INFO - paramwise_options -- base.backbone.layers.3.blocks.0.attn.qkv.weight: weight_decay = 0.02
2025/05/28 13:59:41 - mmengine - INFO - paramwise_options -- base.backbone.layers.3.blocks.0.attn.qkv.bias: lr = 0.0001
2025/05/28 13:59:41 - mmengine - INFO - paramwise_options -- base.backbone.layers.3.blocks.0.attn.qkv.bias: weight_decay = 0.0
2025/05/28 13:59:41 - mmengine - INFO - paramwise_options -- base.backbone.layers.3.blocks.0.attn.proj.weight: lr = 0.0001
2025/05/28 13:59:41 - mmengine - INFO - paramwise_options -- base.backbone.layers.3.blocks.0.attn.proj.weight: weight_decay = 0.02
2025/05/28 13:59:41 - mmengine - INFO - paramwise_options -- base.backbone.layers.3.blocks.0.attn.proj.bias: lr = 0.0001
2025/05/28 13:59:41 - mmengine - INFO - paramwise_options -- base.backbone.layers.3.blocks.0.attn.proj.bias: weight_decay = 0.0
2025/05/28 13:59:41 - mmengine - INFO - paramwise_options -- base.backbone.layers.3.blocks.0.norm2.weight: lr = 0.0001
2025/05/28 13:59:41 - mmengine - INFO - paramwise_options -- base.backbone.layers.3.blocks.0.norm2.weight: weight_decay = 0.0
2025/05/28 13:59:41 - mmengine - INFO - paramwise_options -- base.backbone.layers.3.blocks.0.norm2.bias: lr = 0.0001
2025/05/28 13:59:41 - mmengine - INFO - paramwise_options -- base.backbone.layers.3.blocks.0.norm2.bias: weight_decay = 0.0
2025/05/28 13:59:41 - mmengine - INFO - paramwise_options -- base.backbone.layers.3.blocks.0.mlp.fc1.weight: lr = 0.0001
2025/05/28 13:59:41 - mmengine - INFO - paramwise_options -- base.backbone.layers.3.blocks.0.mlp.fc1.weight: weight_decay = 0.02
2025/05/28 13:59:41 - mmengine - INFO - paramwise_options -- base.backbone.layers.3.blocks.0.mlp.fc1.bias: lr = 0.0001
2025/05/28 13:59:41 - mmengine - INFO - paramwise_options -- base.backbone.layers.3.blocks.0.mlp.fc1.bias: weight_decay = 0.0
2025/05/28 13:59:41 - mmengine - INFO - paramwise_options -- base.backbone.layers.3.blocks.0.mlp.fc2.weight: lr = 0.0001
2025/05/28 13:59:41 - mmengine - INFO - paramwise_options -- base.backbone.layers.3.blocks.0.mlp.fc2.weight: weight_decay = 0.02
2025/05/28 13:59:41 - mmengine - INFO - paramwise_options -- base.backbone.layers.3.blocks.0.mlp.fc2.bias: lr = 0.0001
2025/05/28 13:59:41 - mmengine - INFO - paramwise_options -- base.backbone.layers.3.blocks.0.mlp.fc2.bias: weight_decay = 0.0
2025/05/28 13:59:41 - mmengine - INFO - paramwise_options -- base.backbone.layers.3.blocks.1.norm1.weight: lr = 0.0001
2025/05/28 13:59:41 - mmengine - INFO - paramwise_options -- base.backbone.layers.3.blocks.1.norm1.weight: weight_decay = 0.0
2025/05/28 13:59:41 - mmengine - INFO - paramwise_options -- base.backbone.layers.3.blocks.1.norm1.bias: lr = 0.0001
2025/05/28 13:59:41 - mmengine - INFO - paramwise_options -- base.backbone.layers.3.blocks.1.norm1.bias: weight_decay = 0.0
2025/05/28 13:59:41 - mmengine - INFO - paramwise_options -- base.backbone.layers.3.blocks.1.attn.relative_position_bias_table: lr = 0.0001
2025/05/28 13:59:41 - mmengine - INFO - paramwise_options -- base.backbone.layers.3.blocks.1.attn.relative_position_bias_table: weight_decay = 0.0
2025/05/28 13:59:41 - mmengine - INFO - paramwise_options -- base.backbone.layers.3.blocks.1.attn.qkv.weight: lr = 0.0001
2025/05/28 13:59:41 - mmengine - INFO - paramwise_options -- base.backbone.layers.3.blocks.1.attn.qkv.weight: weight_decay = 0.02
2025/05/28 13:59:41 - mmengine - INFO - paramwise_options -- base.backbone.layers.3.blocks.1.attn.qkv.bias: lr = 0.0001
2025/05/28 13:59:41 - mmengine - INFO - paramwise_options -- base.backbone.layers.3.blocks.1.attn.qkv.bias: weight_decay = 0.0
2025/05/28 13:59:41 - mmengine - INFO - paramwise_options -- base.backbone.layers.3.blocks.1.attn.proj.weight: lr = 0.0001
2025/05/28 13:59:41 - mmengine - INFO - paramwise_options -- base.backbone.layers.3.blocks.1.attn.proj.weight: weight_decay = 0.02
2025/05/28 13:59:41 - mmengine - INFO - paramwise_options -- base.backbone.layers.3.blocks.1.attn.proj.bias: lr = 0.0001
2025/05/28 13:59:41 - mmengine - INFO - paramwise_options -- base.backbone.layers.3.blocks.1.attn.proj.bias: weight_decay = 0.0
2025/05/28 13:59:41 - mmengine - INFO - paramwise_options -- base.backbone.layers.3.blocks.1.norm2.weight: lr = 0.0001
2025/05/28 13:59:41 - mmengine - INFO - paramwise_options -- base.backbone.layers.3.blocks.1.norm2.weight: weight_decay = 0.0
2025/05/28 13:59:41 - mmengine - INFO - paramwise_options -- base.backbone.layers.3.blocks.1.norm2.bias: lr = 0.0001
2025/05/28 13:59:41 - mmengine - INFO - paramwise_options -- base.backbone.layers.3.blocks.1.norm2.bias: weight_decay = 0.0
2025/05/28 13:59:41 - mmengine - INFO - paramwise_options -- base.backbone.layers.3.blocks.1.mlp.fc1.weight: lr = 0.0001
2025/05/28 13:59:41 - mmengine - INFO - paramwise_options -- base.backbone.layers.3.blocks.1.mlp.fc1.weight: weight_decay = 0.02
2025/05/28 13:59:41 - mmengine - INFO - paramwise_options -- base.backbone.layers.3.blocks.1.mlp.fc1.bias: lr = 0.0001
2025/05/28 13:59:41 - mmengine - INFO - paramwise_options -- base.backbone.layers.3.blocks.1.mlp.fc1.bias: weight_decay = 0.0
2025/05/28 13:59:41 - mmengine - INFO - paramwise_options -- base.backbone.layers.3.blocks.1.mlp.fc2.weight: lr = 0.0001
2025/05/28 13:59:41 - mmengine - INFO - paramwise_options -- base.backbone.layers.3.blocks.1.mlp.fc2.weight: weight_decay = 0.02
2025/05/28 13:59:41 - mmengine - INFO - paramwise_options -- base.backbone.layers.3.blocks.1.mlp.fc2.bias: lr = 0.0001
2025/05/28 13:59:41 - mmengine - INFO - paramwise_options -- base.backbone.layers.3.blocks.1.mlp.fc2.bias: weight_decay = 0.0
2025/05/28 13:59:41 - mmengine - INFO - paramwise_options -- base.backbone.norm3.weight: lr = 0.0001
2025/05/28 13:59:41 - mmengine - INFO - paramwise_options -- base.backbone.norm3.weight: weight_decay = 0.0
2025/05/28 13:59:41 - mmengine - INFO - paramwise_options -- base.backbone.norm3.bias: lr = 0.0001
2025/05/28 13:59:41 - mmengine - INFO - paramwise_options -- base.backbone.norm3.bias: weight_decay = 0.0
2025/05/28 13:59:41 - mmengine - INFO - paramwise_options -- base.cls_head.fc_cls.weight: lr = 0.001
2025/05/28 13:59:41 - mmengine - INFO - paramwise_options -- base.cls_head.fc_cls.weight: weight_decay = 0.02
2025/05/28 13:59:41 - mmengine - INFO - paramwise_options -- base.cls_head.fc_cls.bias: lr = 0.001
2025/05/28 13:59:41 - mmengine - INFO - paramwise_options -- base.cls_head.fc_cls.bias: weight_decay = 0.0
2025/05/28 13:59:42 - mmengine - INFO - load model from: F:/zyp/Thesis source code/mmaction2/projects/seasonal_pseudo_change/pretrained/videoswin/swin_tiny_patch244_window877_kinetics400_1k_converted.pth
2025/05/28 13:59:42 - mmengine - INFO - Loads checkpoint by local backend from path: F:/zyp/Thesis source code/mmaction2/projects/seasonal_pseudo_change/pretrained/videoswin/swin_tiny_patch244_window877_kinetics400_1k_converted.pth
2025/05/28 13:59:42 - mmengine - WARNING - The model and loaded state dict do not match exactly

unexpected key in source state_dict: model

missing keys in source state_dict: patch_embed.proj.weight, patch_embed.proj.bias, patch_embed.norm.weight, patch_embed.norm.bias, layers.0.blocks.0.norm1.weight, layers.0.blocks.0.norm1.bias, layers.0.blocks.0.attn.relative_position_bias_table, layers.0.blocks.0.attn.relative_position_index, layers.0.blocks.0.attn.qkv.weight, layers.0.blocks.0.attn.qkv.bias, layers.0.blocks.0.attn.proj.weight, layers.0.blocks.0.attn.proj.bias, layers.0.blocks.0.norm2.weight, layers.0.blocks.0.norm2.bias, layers.0.blocks.0.mlp.fc1.weight, layers.0.blocks.0.mlp.fc1.bias, layers.0.blocks.0.mlp.fc2.weight, layers.0.blocks.0.mlp.fc2.bias, layers.0.blocks.1.norm1.weight, layers.0.blocks.1.norm1.bias, layers.0.blocks.1.attn.relative_position_bias_table, layers.0.blocks.1.attn.relative_position_index, layers.0.blocks.1.attn.qkv.weight, layers.0.blocks.1.attn.qkv.bias, layers.0.blocks.1.attn.proj.weight, layers.0.blocks.1.attn.proj.bias, layers.0.blocks.1.norm2.weight, layers.0.blocks.1.norm2.bias, layers.0.blocks.1.mlp.fc1.weight, layers.0.blocks.1.mlp.fc1.bias, layers.0.blocks.1.mlp.fc2.weight, layers.0.blocks.1.mlp.fc2.bias, layers.0.downsample.reduction.weight, layers.0.downsample.norm.weight, layers.0.downsample.norm.bias, layers.1.blocks.0.norm1.weight, layers.1.blocks.0.norm1.bias, layers.1.blocks.0.attn.relative_position_bias_table, layers.1.blocks.0.attn.relative_position_index, layers.1.blocks.0.attn.qkv.weight, layers.1.blocks.0.attn.qkv.bias, layers.1.blocks.0.attn.proj.weight, layers.1.blocks.0.attn.proj.bias, layers.1.blocks.0.norm2.weight, layers.1.blocks.0.norm2.bias, layers.1.blocks.0.mlp.fc1.weight, layers.1.blocks.0.mlp.fc1.bias, layers.1.blocks.0.mlp.fc2.weight, layers.1.blocks.0.mlp.fc2.bias, layers.1.blocks.1.norm1.weight, layers.1.blocks.1.norm1.bias, layers.1.blocks.1.attn.relative_position_bias_table, layers.1.blocks.1.attn.relative_position_index, layers.1.blocks.1.attn.qkv.weight, layers.1.blocks.1.attn.qkv.bias, layers.1.blocks.1.attn.proj.weight, layers.1.blocks.1.attn.proj.bias, layers.1.blocks.1.norm2.weight, layers.1.blocks.1.norm2.bias, layers.1.blocks.1.mlp.fc1.weight, layers.1.blocks.1.mlp.fc1.bias, layers.1.blocks.1.mlp.fc2.weight, layers.1.blocks.1.mlp.fc2.bias, layers.1.downsample.reduction.weight, layers.1.downsample.norm.weight, layers.1.downsample.norm.bias, layers.2.blocks.0.norm1.weight, layers.2.blocks.0.norm1.bias, layers.2.blocks.0.attn.relative_position_bias_table, layers.2.blocks.0.attn.relative_position_index, layers.2.blocks.0.attn.qkv.weight, layers.2.blocks.0.attn.qkv.bias, layers.2.blocks.0.attn.proj.weight, layers.2.blocks.0.attn.proj.bias, layers.2.blocks.0.norm2.weight, layers.2.blocks.0.norm2.bias, layers.2.blocks.0.mlp.fc1.weight, layers.2.blocks.0.mlp.fc1.bias, layers.2.blocks.0.mlp.fc2.weight, layers.2.blocks.0.mlp.fc2.bias, layers.2.blocks.1.norm1.weight, layers.2.blocks.1.norm1.bias, layers.2.blocks.1.attn.relative_position_bias_table, layers.2.blocks.1.attn.relative_position_index, layers.2.blocks.1.attn.qkv.weight, layers.2.blocks.1.attn.qkv.bias, layers.2.blocks.1.attn.proj.weight, layers.2.blocks.1.attn.proj.bias, layers.2.blocks.1.norm2.weight, layers.2.blocks.1.norm2.bias, layers.2.blocks.1.mlp.fc1.weight, layers.2.blocks.1.mlp.fc1.bias, layers.2.blocks.1.mlp.fc2.weight, layers.2.blocks.1.mlp.fc2.bias, layers.2.blocks.2.norm1.weight, layers.2.blocks.2.norm1.bias, layers.2.blocks.2.attn.relative_position_bias_table, layers.2.blocks.2.attn.relative_position_index, layers.2.blocks.2.attn.qkv.weight, layers.2.blocks.2.attn.qkv.bias, layers.2.blocks.2.attn.proj.weight, layers.2.blocks.2.attn.proj.bias, layers.2.blocks.2.norm2.weight, layers.2.blocks.2.norm2.bias, layers.2.blocks.2.mlp.fc1.weight, layers.2.blocks.2.mlp.fc1.bias, layers.2.blocks.2.mlp.fc2.weight, layers.2.blocks.2.mlp.fc2.bias, layers.2.blocks.3.norm1.weight, layers.2.blocks.3.norm1.bias, layers.2.blocks.3.attn.relative_position_bias_table, layers.2.blocks.3.attn.relative_position_index, layers.2.blocks.3.attn.qkv.weight, layers.2.blocks.3.attn.qkv.bias, layers.2.blocks.3.attn.proj.weight, layers.2.blocks.3.attn.proj.bias, layers.2.blocks.3.norm2.weight, layers.2.blocks.3.norm2.bias, layers.2.blocks.3.mlp.fc1.weight, layers.2.blocks.3.mlp.fc1.bias, layers.2.blocks.3.mlp.fc2.weight, layers.2.blocks.3.mlp.fc2.bias, layers.2.blocks.4.norm1.weight, layers.2.blocks.4.norm1.bias, layers.2.blocks.4.attn.relative_position_bias_table, layers.2.blocks.4.attn.relative_position_index, layers.2.blocks.4.attn.qkv.weight, layers.2.blocks.4.attn.qkv.bias, layers.2.blocks.4.attn.proj.weight, layers.2.blocks.4.attn.proj.bias, layers.2.blocks.4.norm2.weight, layers.2.blocks.4.norm2.bias, layers.2.blocks.4.mlp.fc1.weight, layers.2.blocks.4.mlp.fc1.bias, layers.2.blocks.4.mlp.fc2.weight, layers.2.blocks.4.mlp.fc2.bias, layers.2.blocks.5.norm1.weight, layers.2.blocks.5.norm1.bias, layers.2.blocks.5.attn.relative_position_bias_table, layers.2.blocks.5.attn.relative_position_index, layers.2.blocks.5.attn.qkv.weight, layers.2.blocks.5.attn.qkv.bias, layers.2.blocks.5.attn.proj.weight, layers.2.blocks.5.attn.proj.bias, layers.2.blocks.5.norm2.weight, layers.2.blocks.5.norm2.bias, layers.2.blocks.5.mlp.fc1.weight, layers.2.blocks.5.mlp.fc1.bias, layers.2.blocks.5.mlp.fc2.weight, layers.2.blocks.5.mlp.fc2.bias, layers.2.downsample.reduction.weight, layers.2.downsample.norm.weight, layers.2.downsample.norm.bias, layers.3.blocks.0.norm1.weight, layers.3.blocks.0.norm1.bias, layers.3.blocks.0.attn.relative_position_bias_table, layers.3.blocks.0.attn.relative_position_index, layers.3.blocks.0.attn.qkv.weight, layers.3.blocks.0.attn.qkv.bias, layers.3.blocks.0.attn.proj.weight, layers.3.blocks.0.attn.proj.bias, layers.3.blocks.0.norm2.weight, layers.3.blocks.0.norm2.bias, layers.3.blocks.0.mlp.fc1.weight, layers.3.blocks.0.mlp.fc1.bias, layers.3.blocks.0.mlp.fc2.weight, layers.3.blocks.0.mlp.fc2.bias, layers.3.blocks.1.norm1.weight, layers.3.blocks.1.norm1.bias, layers.3.blocks.1.attn.relative_position_bias_table, layers.3.blocks.1.attn.relative_position_index, layers.3.blocks.1.attn.qkv.weight, layers.3.blocks.1.attn.qkv.bias, layers.3.blocks.1.attn.proj.weight, layers.3.blocks.1.attn.proj.bias, layers.3.blocks.1.norm2.weight, layers.3.blocks.1.norm2.bias, layers.3.blocks.1.mlp.fc1.weight, layers.3.blocks.1.mlp.fc1.bias, layers.3.blocks.1.mlp.fc2.weight, layers.3.blocks.1.mlp.fc2.bias, norm3.weight, norm3.bias

Name of parameter - Initialization information

backbone.patch_embed.proj.weight - torch.Size([96, 3, 2, 4, 4]): 
The value is the same before and after calling `init_weights` of Recognizer3D  

backbone.patch_embed.proj.bias - torch.Size([96]): 
The value is the same before and after calling `init_weights` of Recognizer3D  

backbone.patch_embed.norm.weight - torch.Size([96]): 
The value is the same before and after calling `init_weights` of Recognizer3D  

backbone.patch_embed.norm.bias - torch.Size([96]): 
The value is the same before and after calling `init_weights` of Recognizer3D  

backbone.layers.0.blocks.0.norm1.weight - torch.Size([96]): 
The value is the same before and after calling `init_weights` of Recognizer3D  

backbone.layers.0.blocks.0.norm1.bias - torch.Size([96]): 
The value is the same before and after calling `init_weights` of Recognizer3D  

backbone.layers.0.blocks.0.attn.relative_position_bias_table - torch.Size([2535, 3]): 
The value is the same before and after calling `init_weights` of Recognizer3D  

backbone.layers.0.blocks.0.attn.qkv.weight - torch.Size([288, 96]): 
The value is the same before and after calling `init_weights` of Recognizer3D  

backbone.layers.0.blocks.0.attn.qkv.bias - torch.Size([288]): 
The value is the same before and after calling `init_weights` of Recognizer3D  

backbone.layers.0.blocks.0.attn.proj.weight - torch.Size([96, 96]): 
The value is the same before and after calling `init_weights` of Recognizer3D  

backbone.layers.0.blocks.0.attn.proj.bias - torch.Size([96]): 
The value is the same before and after calling `init_weights` of Recognizer3D  

backbone.layers.0.blocks.0.norm2.weight - torch.Size([96]): 
The value is the same before and after calling `init_weights` of Recognizer3D  

backbone.layers.0.blocks.0.norm2.bias - torch.Size([96]): 
The value is the same before and after calling `init_weights` of Recognizer3D  

backbone.layers.0.blocks.0.mlp.fc1.weight - torch.Size([384, 96]): 
The value is the same before and after calling `init_weights` of Recognizer3D  

backbone.layers.0.blocks.0.mlp.fc1.bias - torch.Size([384]): 
The value is the same before and after calling `init_weights` of Recognizer3D  

backbone.layers.0.blocks.0.mlp.fc2.weight - torch.Size([96, 384]): 
The value is the same before and after calling `init_weights` of Recognizer3D  

backbone.layers.0.blocks.0.mlp.fc2.bias - torch.Size([96]): 
The value is the same before and after calling `init_weights` of Recognizer3D  

backbone.layers.0.blocks.1.norm1.weight - torch.Size([96]): 
The value is the same before and after calling `init_weights` of Recognizer3D  

backbone.layers.0.blocks.1.norm1.bias - torch.Size([96]): 
The value is the same before and after calling `init_weights` of Recognizer3D  

backbone.layers.0.blocks.1.attn.relative_position_bias_table - torch.Size([2535, 3]): 
The value is the same before and after calling `init_weights` of Recognizer3D  

backbone.layers.0.blocks.1.attn.qkv.weight - torch.Size([288, 96]): 
The value is the same before and after calling `init_weights` of Recognizer3D  

backbone.layers.0.blocks.1.attn.qkv.bias - torch.Size([288]): 
The value is the same before and after calling `init_weights` of Recognizer3D  

backbone.layers.0.blocks.1.attn.proj.weight - torch.Size([96, 96]): 
The value is the same before and after calling `init_weights` of Recognizer3D  

backbone.layers.0.blocks.1.attn.proj.bias - torch.Size([96]): 
The value is the same before and after calling `init_weights` of Recognizer3D  

backbone.layers.0.blocks.1.norm2.weight - torch.Size([96]): 
The value is the same before and after calling `init_weights` of Recognizer3D  

backbone.layers.0.blocks.1.norm2.bias - torch.Size([96]): 
The value is the same before and after calling `init_weights` of Recognizer3D  

backbone.layers.0.blocks.1.mlp.fc1.weight - torch.Size([384, 96]): 
The value is the same before and after calling `init_weights` of Recognizer3D  

backbone.layers.0.blocks.1.mlp.fc1.bias - torch.Size([384]): 
The value is the same before and after calling `init_weights` of Recognizer3D  

backbone.layers.0.blocks.1.mlp.fc2.weight - torch.Size([96, 384]): 
The value is the same before and after calling `init_weights` of Recognizer3D  

backbone.layers.0.blocks.1.mlp.fc2.bias - torch.Size([96]): 
The value is the same before and after calling `init_weights` of Recognizer3D  

backbone.layers.0.downsample.reduction.weight - torch.Size([192, 384]): 
The value is the same before and after calling `init_weights` of Recognizer3D  

backbone.layers.0.downsample.norm.weight - torch.Size([384]): 
The value is the same before and after calling `init_weights` of Recognizer3D  

backbone.layers.0.downsample.norm.bias - torch.Size([384]): 
The value is the same before and after calling `init_weights` of Recognizer3D  

backbone.layers.1.blocks.0.norm1.weight - torch.Size([192]): 
The value is the same before and after calling `init_weights` of Recognizer3D  

backbone.layers.1.blocks.0.norm1.bias - torch.Size([192]): 
The value is the same before and after calling `init_weights` of Recognizer3D  

backbone.layers.1.blocks.0.attn.relative_position_bias_table - torch.Size([2535, 6]): 
The value is the same before and after calling `init_weights` of Recognizer3D  

backbone.layers.1.blocks.0.attn.qkv.weight - torch.Size([576, 192]): 
The value is the same before and after calling `init_weights` of Recognizer3D  

backbone.layers.1.blocks.0.attn.qkv.bias - torch.Size([576]): 
The value is the same before and after calling `init_weights` of Recognizer3D  

backbone.layers.1.blocks.0.attn.proj.weight - torch.Size([192, 192]): 
The value is the same before and after calling `init_weights` of Recognizer3D  

backbone.layers.1.blocks.0.attn.proj.bias - torch.Size([192]): 
The value is the same before and after calling `init_weights` of Recognizer3D  

backbone.layers.1.blocks.0.norm2.weight - torch.Size([192]): 
The value is the same before and after calling `init_weights` of Recognizer3D  

backbone.layers.1.blocks.0.norm2.bias - torch.Size([192]): 
The value is the same before and after calling `init_weights` of Recognizer3D  

backbone.layers.1.blocks.0.mlp.fc1.weight - torch.Size([768, 192]): 
The value is the same before and after calling `init_weights` of Recognizer3D  

backbone.layers.1.blocks.0.mlp.fc1.bias - torch.Size([768]): 
The value is the same before and after calling `init_weights` of Recognizer3D  

backbone.layers.1.blocks.0.mlp.fc2.weight - torch.Size([192, 768]): 
The value is the same before and after calling `init_weights` of Recognizer3D  

backbone.layers.1.blocks.0.mlp.fc2.bias - torch.Size([192]): 
The value is the same before and after calling `init_weights` of Recognizer3D  

backbone.layers.1.blocks.1.norm1.weight - torch.Size([192]): 
The value is the same before and after calling `init_weights` of Recognizer3D  

backbone.layers.1.blocks.1.norm1.bias - torch.Size([192]): 
The value is the same before and after calling `init_weights` of Recognizer3D  

backbone.layers.1.blocks.1.attn.relative_position_bias_table - torch.Size([2535, 6]): 
The value is the same before and after calling `init_weights` of Recognizer3D  

backbone.layers.1.blocks.1.attn.qkv.weight - torch.Size([576, 192]): 
The value is the same before and after calling `init_weights` of Recognizer3D  

backbone.layers.1.blocks.1.attn.qkv.bias - torch.Size([576]): 
The value is the same before and after calling `init_weights` of Recognizer3D  

backbone.layers.1.blocks.1.attn.proj.weight - torch.Size([192, 192]): 
The value is the same before and after calling `init_weights` of Recognizer3D  

backbone.layers.1.blocks.1.attn.proj.bias - torch.Size([192]): 
The value is the same before and after calling `init_weights` of Recognizer3D  

backbone.layers.1.blocks.1.norm2.weight - torch.Size([192]): 
The value is the same before and after calling `init_weights` of Recognizer3D  

backbone.layers.1.blocks.1.norm2.bias - torch.Size([192]): 
The value is the same before and after calling `init_weights` of Recognizer3D  

backbone.layers.1.blocks.1.mlp.fc1.weight - torch.Size([768, 192]): 
The value is the same before and after calling `init_weights` of Recognizer3D  

backbone.layers.1.blocks.1.mlp.fc1.bias - torch.Size([768]): 
The value is the same before and after calling `init_weights` of Recognizer3D  

backbone.layers.1.blocks.1.mlp.fc2.weight - torch.Size([192, 768]): 
The value is the same before and after calling `init_weights` of Recognizer3D  

backbone.layers.1.blocks.1.mlp.fc2.bias - torch.Size([192]): 
The value is the same before and after calling `init_weights` of Recognizer3D  

backbone.layers.1.downsample.reduction.weight - torch.Size([384, 768]): 
The value is the same before and after calling `init_weights` of Recognizer3D  

backbone.layers.1.downsample.norm.weight - torch.Size([768]): 
The value is the same before and after calling `init_weights` of Recognizer3D  

backbone.layers.1.downsample.norm.bias - torch.Size([768]): 
The value is the same before and after calling `init_weights` of Recognizer3D  

backbone.layers.2.blocks.0.norm1.weight - torch.Size([384]): 
The value is the same before and after calling `init_weights` of Recognizer3D  

backbone.layers.2.blocks.0.norm1.bias - torch.Size([384]): 
The value is the same before and after calling `init_weights` of Recognizer3D  

backbone.layers.2.blocks.0.attn.relative_position_bias_table - torch.Size([2535, 12]): 
The value is the same before and after calling `init_weights` of Recognizer3D  

backbone.layers.2.blocks.0.attn.qkv.weight - torch.Size([1152, 384]): 
The value is the same before and after calling `init_weights` of Recognizer3D  

backbone.layers.2.blocks.0.attn.qkv.bias - torch.Size([1152]): 
The value is the same before and after calling `init_weights` of Recognizer3D  

backbone.layers.2.blocks.0.attn.proj.weight - torch.Size([384, 384]): 
The value is the same before and after calling `init_weights` of Recognizer3D  

backbone.layers.2.blocks.0.attn.proj.bias - torch.Size([384]): 
The value is the same before and after calling `init_weights` of Recognizer3D  

backbone.layers.2.blocks.0.norm2.weight - torch.Size([384]): 
The value is the same before and after calling `init_weights` of Recognizer3D  

backbone.layers.2.blocks.0.norm2.bias - torch.Size([384]): 
The value is the same before and after calling `init_weights` of Recognizer3D  

backbone.layers.2.blocks.0.mlp.fc1.weight - torch.Size([1536, 384]): 
The value is the same before and after calling `init_weights` of Recognizer3D  

backbone.layers.2.blocks.0.mlp.fc1.bias - torch.Size([1536]): 
The value is the same before and after calling `init_weights` of Recognizer3D  

backbone.layers.2.blocks.0.mlp.fc2.weight - torch.Size([384, 1536]): 
The value is the same before and after calling `init_weights` of Recognizer3D  

backbone.layers.2.blocks.0.mlp.fc2.bias - torch.Size([384]): 
The value is the same before and after calling `init_weights` of Recognizer3D  

backbone.layers.2.blocks.1.norm1.weight - torch.Size([384]): 
The value is the same before and after calling `init_weights` of Recognizer3D  

backbone.layers.2.blocks.1.norm1.bias - torch.Size([384]): 
The value is the same before and after calling `init_weights` of Recognizer3D  

backbone.layers.2.blocks.1.attn.relative_position_bias_table - torch.Size([2535, 12]): 
The value is the same before and after calling `init_weights` of Recognizer3D  

backbone.layers.2.blocks.1.attn.qkv.weight - torch.Size([1152, 384]): 
The value is the same before and after calling `init_weights` of Recognizer3D  

backbone.layers.2.blocks.1.attn.qkv.bias - torch.Size([1152]): 
The value is the same before and after calling `init_weights` of Recognizer3D  

backbone.layers.2.blocks.1.attn.proj.weight - torch.Size([384, 384]): 
The value is the same before and after calling `init_weights` of Recognizer3D  

backbone.layers.2.blocks.1.attn.proj.bias - torch.Size([384]): 
The value is the same before and after calling `init_weights` of Recognizer3D  

backbone.layers.2.blocks.1.norm2.weight - torch.Size([384]): 
The value is the same before and after calling `init_weights` of Recognizer3D  

backbone.layers.2.blocks.1.norm2.bias - torch.Size([384]): 
The value is the same before and after calling `init_weights` of Recognizer3D  

backbone.layers.2.blocks.1.mlp.fc1.weight - torch.Size([1536, 384]): 
The value is the same before and after calling `init_weights` of Recognizer3D  

backbone.layers.2.blocks.1.mlp.fc1.bias - torch.Size([1536]): 
The value is the same before and after calling `init_weights` of Recognizer3D  

backbone.layers.2.blocks.1.mlp.fc2.weight - torch.Size([384, 1536]): 
The value is the same before and after calling `init_weights` of Recognizer3D  

backbone.layers.2.blocks.1.mlp.fc2.bias - torch.Size([384]): 
The value is the same before and after calling `init_weights` of Recognizer3D  

backbone.layers.2.blocks.2.norm1.weight - torch.Size([384]): 
The value is the same before and after calling `init_weights` of Recognizer3D  

backbone.layers.2.blocks.2.norm1.bias - torch.Size([384]): 
The value is the same before and after calling `init_weights` of Recognizer3D  

backbone.layers.2.blocks.2.attn.relative_position_bias_table - torch.Size([2535, 12]): 
The value is the same before and after calling `init_weights` of Recognizer3D  

backbone.layers.2.blocks.2.attn.qkv.weight - torch.Size([1152, 384]): 
The value is the same before and after calling `init_weights` of Recognizer3D  

backbone.layers.2.blocks.2.attn.qkv.bias - torch.Size([1152]): 
The value is the same before and after calling `init_weights` of Recognizer3D  

backbone.layers.2.blocks.2.attn.proj.weight - torch.Size([384, 384]): 
The value is the same before and after calling `init_weights` of Recognizer3D  

backbone.layers.2.blocks.2.attn.proj.bias - torch.Size([384]): 
The value is the same before and after calling `init_weights` of Recognizer3D  

backbone.layers.2.blocks.2.norm2.weight - torch.Size([384]): 
The value is the same before and after calling `init_weights` of Recognizer3D  

backbone.layers.2.blocks.2.norm2.bias - torch.Size([384]): 
The value is the same before and after calling `init_weights` of Recognizer3D  

backbone.layers.2.blocks.2.mlp.fc1.weight - torch.Size([1536, 384]): 
The value is the same before and after calling `init_weights` of Recognizer3D  

backbone.layers.2.blocks.2.mlp.fc1.bias - torch.Size([1536]): 
The value is the same before and after calling `init_weights` of Recognizer3D  

backbone.layers.2.blocks.2.mlp.fc2.weight - torch.Size([384, 1536]): 
The value is the same before and after calling `init_weights` of Recognizer3D  

backbone.layers.2.blocks.2.mlp.fc2.bias - torch.Size([384]): 
The value is the same before and after calling `init_weights` of Recognizer3D  

backbone.layers.2.blocks.3.norm1.weight - torch.Size([384]): 
The value is the same before and after calling `init_weights` of Recognizer3D  

backbone.layers.2.blocks.3.norm1.bias - torch.Size([384]): 
The value is the same before and after calling `init_weights` of Recognizer3D  

backbone.layers.2.blocks.3.attn.relative_position_bias_table - torch.Size([2535, 12]): 
The value is the same before and after calling `init_weights` of Recognizer3D  

backbone.layers.2.blocks.3.attn.qkv.weight - torch.Size([1152, 384]): 
The value is the same before and after calling `init_weights` of Recognizer3D  

backbone.layers.2.blocks.3.attn.qkv.bias - torch.Size([1152]): 
The value is the same before and after calling `init_weights` of Recognizer3D  

backbone.layers.2.blocks.3.attn.proj.weight - torch.Size([384, 384]): 
The value is the same before and after calling `init_weights` of Recognizer3D  

backbone.layers.2.blocks.3.attn.proj.bias - torch.Size([384]): 
The value is the same before and after calling `init_weights` of Recognizer3D  

backbone.layers.2.blocks.3.norm2.weight - torch.Size([384]): 
The value is the same before and after calling `init_weights` of Recognizer3D  

backbone.layers.2.blocks.3.norm2.bias - torch.Size([384]): 
The value is the same before and after calling `init_weights` of Recognizer3D  

backbone.layers.2.blocks.3.mlp.fc1.weight - torch.Size([1536, 384]): 
The value is the same before and after calling `init_weights` of Recognizer3D  

backbone.layers.2.blocks.3.mlp.fc1.bias - torch.Size([1536]): 
The value is the same before and after calling `init_weights` of Recognizer3D  

backbone.layers.2.blocks.3.mlp.fc2.weight - torch.Size([384, 1536]): 
The value is the same before and after calling `init_weights` of Recognizer3D  

backbone.layers.2.blocks.3.mlp.fc2.bias - torch.Size([384]): 
The value is the same before and after calling `init_weights` of Recognizer3D  

backbone.layers.2.blocks.4.norm1.weight - torch.Size([384]): 
The value is the same before and after calling `init_weights` of Recognizer3D  

backbone.layers.2.blocks.4.norm1.bias - torch.Size([384]): 
The value is the same before and after calling `init_weights` of Recognizer3D  

backbone.layers.2.blocks.4.attn.relative_position_bias_table - torch.Size([2535, 12]): 
The value is the same before and after calling `init_weights` of Recognizer3D  

backbone.layers.2.blocks.4.attn.qkv.weight - torch.Size([1152, 384]): 
The value is the same before and after calling `init_weights` of Recognizer3D  

backbone.layers.2.blocks.4.attn.qkv.bias - torch.Size([1152]): 
The value is the same before and after calling `init_weights` of Recognizer3D  

backbone.layers.2.blocks.4.attn.proj.weight - torch.Size([384, 384]): 
The value is the same before and after calling `init_weights` of Recognizer3D  

backbone.layers.2.blocks.4.attn.proj.bias - torch.Size([384]): 
The value is the same before and after calling `init_weights` of Recognizer3D  

backbone.layers.2.blocks.4.norm2.weight - torch.Size([384]): 
The value is the same before and after calling `init_weights` of Recognizer3D  

backbone.layers.2.blocks.4.norm2.bias - torch.Size([384]): 
The value is the same before and after calling `init_weights` of Recognizer3D  

backbone.layers.2.blocks.4.mlp.fc1.weight - torch.Size([1536, 384]): 
The value is the same before and after calling `init_weights` of Recognizer3D  

backbone.layers.2.blocks.4.mlp.fc1.bias - torch.Size([1536]): 
The value is the same before and after calling `init_weights` of Recognizer3D  

backbone.layers.2.blocks.4.mlp.fc2.weight - torch.Size([384, 1536]): 
The value is the same before and after calling `init_weights` of Recognizer3D  

backbone.layers.2.blocks.4.mlp.fc2.bias - torch.Size([384]): 
The value is the same before and after calling `init_weights` of Recognizer3D  

backbone.layers.2.blocks.5.norm1.weight - torch.Size([384]): 
The value is the same before and after calling `init_weights` of Recognizer3D  

backbone.layers.2.blocks.5.norm1.bias - torch.Size([384]): 
The value is the same before and after calling `init_weights` of Recognizer3D  

backbone.layers.2.blocks.5.attn.relative_position_bias_table - torch.Size([2535, 12]): 
The value is the same before and after calling `init_weights` of Recognizer3D  

backbone.layers.2.blocks.5.attn.qkv.weight - torch.Size([1152, 384]): 
The value is the same before and after calling `init_weights` of Recognizer3D  

backbone.layers.2.blocks.5.attn.qkv.bias - torch.Size([1152]): 
The value is the same before and after calling `init_weights` of Recognizer3D  

backbone.layers.2.blocks.5.attn.proj.weight - torch.Size([384, 384]): 
The value is the same before and after calling `init_weights` of Recognizer3D  

backbone.layers.2.blocks.5.attn.proj.bias - torch.Size([384]): 
The value is the same before and after calling `init_weights` of Recognizer3D  

backbone.layers.2.blocks.5.norm2.weight - torch.Size([384]): 
The value is the same before and after calling `init_weights` of Recognizer3D  

backbone.layers.2.blocks.5.norm2.bias - torch.Size([384]): 
The value is the same before and after calling `init_weights` of Recognizer3D  

backbone.layers.2.blocks.5.mlp.fc1.weight - torch.Size([1536, 384]): 
The value is the same before and after calling `init_weights` of Recognizer3D  

backbone.layers.2.blocks.5.mlp.fc1.bias - torch.Size([1536]): 
The value is the same before and after calling `init_weights` of Recognizer3D  

backbone.layers.2.blocks.5.mlp.fc2.weight - torch.Size([384, 1536]): 
The value is the same before and after calling `init_weights` of Recognizer3D  

backbone.layers.2.blocks.5.mlp.fc2.bias - torch.Size([384]): 
The value is the same before and after calling `init_weights` of Recognizer3D  

backbone.layers.2.downsample.reduction.weight - torch.Size([768, 1536]): 
The value is the same before and after calling `init_weights` of Recognizer3D  

backbone.layers.2.downsample.norm.weight - torch.Size([1536]): 
The value is the same before and after calling `init_weights` of Recognizer3D  

backbone.layers.2.downsample.norm.bias - torch.Size([1536]): 
The value is the same before and after calling `init_weights` of Recognizer3D  

backbone.layers.3.blocks.0.norm1.weight - torch.Size([768]): 
The value is the same before and after calling `init_weights` of Recognizer3D  

backbone.layers.3.blocks.0.norm1.bias - torch.Size([768]): 
The value is the same before and after calling `init_weights` of Recognizer3D  

backbone.layers.3.blocks.0.attn.relative_position_bias_table - torch.Size([2535, 24]): 
The value is the same before and after calling `init_weights` of Recognizer3D  

backbone.layers.3.blocks.0.attn.qkv.weight - torch.Size([2304, 768]): 
The value is the same before and after calling `init_weights` of Recognizer3D  

backbone.layers.3.blocks.0.attn.qkv.bias - torch.Size([2304]): 
The value is the same before and after calling `init_weights` of Recognizer3D  

backbone.layers.3.blocks.0.attn.proj.weight - torch.Size([768, 768]): 
The value is the same before and after calling `init_weights` of Recognizer3D  

backbone.layers.3.blocks.0.attn.proj.bias - torch.Size([768]): 
The value is the same before and after calling `init_weights` of Recognizer3D  

backbone.layers.3.blocks.0.norm2.weight - torch.Size([768]): 
The value is the same before and after calling `init_weights` of Recognizer3D  

backbone.layers.3.blocks.0.norm2.bias - torch.Size([768]): 
The value is the same before and after calling `init_weights` of Recognizer3D  

backbone.layers.3.blocks.0.mlp.fc1.weight - torch.Size([3072, 768]): 
The value is the same before and after calling `init_weights` of Recognizer3D  

backbone.layers.3.blocks.0.mlp.fc1.bias - torch.Size([3072]): 
The value is the same before and after calling `init_weights` of Recognizer3D  

backbone.layers.3.blocks.0.mlp.fc2.weight - torch.Size([768, 3072]): 
The value is the same before and after calling `init_weights` of Recognizer3D  

backbone.layers.3.blocks.0.mlp.fc2.bias - torch.Size([768]): 
The value is the same before and after calling `init_weights` of Recognizer3D  

backbone.layers.3.blocks.1.norm1.weight - torch.Size([768]): 
The value is the same before and after calling `init_weights` of Recognizer3D  

backbone.layers.3.blocks.1.norm1.bias - torch.Size([768]): 
The value is the same before and after calling `init_weights` of Recognizer3D  

backbone.layers.3.blocks.1.attn.relative_position_bias_table - torch.Size([2535, 24]): 
The value is the same before and after calling `init_weights` of Recognizer3D  

backbone.layers.3.blocks.1.attn.qkv.weight - torch.Size([2304, 768]): 
The value is the same before and after calling `init_weights` of Recognizer3D  

backbone.layers.3.blocks.1.attn.qkv.bias - torch.Size([2304]): 
The value is the same before and after calling `init_weights` of Recognizer3D  

backbone.layers.3.blocks.1.attn.proj.weight - torch.Size([768, 768]): 
The value is the same before and after calling `init_weights` of Recognizer3D  

backbone.layers.3.blocks.1.attn.proj.bias - torch.Size([768]): 
The value is the same before and after calling `init_weights` of Recognizer3D  

backbone.layers.3.blocks.1.norm2.weight - torch.Size([768]): 
The value is the same before and after calling `init_weights` of Recognizer3D  

backbone.layers.3.blocks.1.norm2.bias - torch.Size([768]): 
The value is the same before and after calling `init_weights` of Recognizer3D  

backbone.layers.3.blocks.1.mlp.fc1.weight - torch.Size([3072, 768]): 
The value is the same before and after calling `init_weights` of Recognizer3D  

backbone.layers.3.blocks.1.mlp.fc1.bias - torch.Size([3072]): 
The value is the same before and after calling `init_weights` of Recognizer3D  

backbone.layers.3.blocks.1.mlp.fc2.weight - torch.Size([768, 3072]): 
The value is the same before and after calling `init_weights` of Recognizer3D  

backbone.layers.3.blocks.1.mlp.fc2.bias - torch.Size([768]): 
The value is the same before and after calling `init_weights` of Recognizer3D  

backbone.norm3.weight - torch.Size([768]): 
The value is the same before and after calling `init_weights` of Recognizer3D  

backbone.norm3.bias - torch.Size([768]): 
The value is the same before and after calling `init_weights` of Recognizer3D  

cls_head.fc_cls.weight - torch.Size([2, 768]): 
Initialized by user-defined `init_weights` in I3DHead  

cls_head.fc_cls.bias - torch.Size([2]): 
Initialized by user-defined `init_weights` in I3DHead  
2025/05/28 13:59:42 - mmengine - WARNING - "FileClient" will be deprecated in future. Please use io functions in https://mmengine.readthedocs.io/en/latest/api/fileio.html#file-io
2025/05/28 13:59:42 - mmengine - WARNING - "HardDiskBackend" is the alias of "LocalBackend" and the former will be deprecated in future.
2025/05/28 13:59:42 - mmengine - INFO - Checkpoints will be saved to F:\zyp\Thesis source code\mmaction2\tools\work_dirs\swin_tiny_2class.
2025/05/28 14:00:10 - mmengine - INFO - Epoch(train) [1][10/37]  base_lr: 1.8901e-04 lr: 1.8901e-05  eta: 0:08:07  time: 2.7840  data_time: 1.7799  memory: 2158  loss: 0.6977  top1_acc: 0.5000  top5_acc: 1.0000  loss_cls: 0.6977
2025/05/28 14:00:20 - mmengine - INFO - Epoch(train) [1][20/37]  base_lr: 2.8791e-04 lr: 2.8791e-05  eta: 0:05:09  time: 1.8750  data_time: 0.8919  memory: 2158  loss: 0.7654  top1_acc: 0.2500  top5_acc: 1.0000  loss_cls: 0.7654
2025/05/28 14:00:29 - mmengine - INFO - Epoch(train) [1][30/37]  base_lr: 3.8681e-04 lr: 3.8681e-05  eta: 0:04:03  time: 0.9648  data_time: 0.0039  memory: 2158  loss: 0.7643  top1_acc: 0.5000  top5_acc: 1.0000  loss_cls: 0.7643
2025/05/28 14:00:36 - mmengine - INFO - Exp name: swin_tiny_raw_20250528_135926
2025/05/28 14:00:36 - mmengine - INFO - Epoch(train) [1][37/37]  base_lr: 4.5604e-04 lr: 4.5604e-05  eta: 0:03:35  time: 0.9643  data_time: 0.0039  memory: 2158  loss: 0.7036  top1_acc: 0.5000  top5_acc: 1.0000  loss_cls: 0.7036
2025/05/28 14:00:36 - mmengine - INFO - Saving checkpoint at 1 epochs
2025/05/28 14:00:50 - mmengine - INFO - Epoch(val) [1][10/10]    eta: 0:00:00  time: 0.9145  data_time: 0.5550  memory: 798  
2025/05/28 14:00:50 - mmengine - INFO - Epoch(val) [1][10/10]    acc/top1: 0.5526  acc/top5: 1.0000  acc/mean1: 0.5000  data_time: 0.5550  time: 0.9145
2025/05/28 14:00:52 - mmengine - INFO - The best checkpoint with 0.5526 acc/top1 at 1 epoch is saved to best_acc_top1_epoch_1.pth.
2025/05/28 14:01:06 - mmengine - INFO - Epoch(train) [2][10/37]  base_lr: 5.5343e-04 lr: 5.5343e-05  eta: 0:03:06  time: 0.9691  data_time: 0.0054  memory: 2158  loss: 0.7132  top1_acc: 0.2500  top5_acc: 1.0000  loss_cls: 0.7132
2025/05/28 14:01:16 - mmengine - INFO - Epoch(train) [2][20/37]  base_lr: 6.5206e-04 lr: 6.5206e-05  eta: 0:02:44  time: 0.9697  data_time: 0.0055  memory: 2158  loss: 0.7569  top1_acc: 0.5000  top5_acc: 1.0000  loss_cls: 0.7569
2025/05/28 14:01:26 - mmengine - INFO - Epoch(train) [2][30/37]  base_lr: 7.5069e-04 lr: 7.5069e-05  eta: 0:02:26  time: 0.9653  data_time: 0.0039  memory: 2158  loss: 0.8235  top1_acc: 0.5000  top5_acc: 1.0000  loss_cls: 0.8235
2025/05/28 14:01:32 - mmengine - INFO - Exp name: swin_tiny_raw_20250528_135926
2025/05/28 14:01:32 - mmengine - INFO - Epoch(train) [2][37/37]  base_lr: 8.1973e-04 lr: 8.1973e-05  eta: 0:02:14  time: 0.9627  data_time: 0.0038  memory: 2158  loss: 0.7659  top1_acc: 1.0000  top5_acc: 1.0000  loss_cls: 0.7659
2025/05/28 14:01:32 - mmengine - INFO - Saving checkpoint at 2 epochs
2025/05/28 14:01:41 - mmengine - INFO - Epoch(val) [2][10/10]    eta: 0:00:00  time: 0.6358  data_time: 0.2800  memory: 798  
2025/05/28 14:01:41 - mmengine - INFO - Epoch(val) [2][10/10]    acc/top1: 0.5526  acc/top5: 1.0000  acc/mean1: 0.5000  data_time: 0.0048  time: 0.3415
2025/05/28 14:01:51 - mmengine - INFO - Epoch(train) [3][10/37]  base_lr: 9.1082e-04 lr: 9.1082e-05  eta: 0:01:59  time: 0.9727  data_time: 0.0051  memory: 2158  loss: 0.9685  top1_acc: 0.5000  top5_acc: 1.0000  loss_cls: 0.9685
2025/05/28 14:02:00 - mmengine - INFO - Epoch(train) [3][20/37]  base_lr: 9.8907e-04 lr: 9.8907e-05  eta: 0:01:45  time: 0.9758  data_time: 0.0052  memory: 2158  loss: 1.0356  top1_acc: 0.5000  top5_acc: 1.0000  loss_cls: 1.0356
2025/05/28 14:02:10 - mmengine - INFO - Epoch(train) [3][30/37]  base_lr: 9.8907e-04 lr: 9.8907e-05  eta: 0:01:32  time: 0.9726  data_time: 0.0038  memory: 2158  loss: 0.8484  top1_acc: 0.7500  top5_acc: 1.0000  loss_cls: 0.8484
2025/05/28 14:02:17 - mmengine - INFO - Exp name: swin_tiny_raw_20250528_135926
2025/05/28 14:02:17 - mmengine - INFO - Epoch(train) [3][37/37]  base_lr: 9.8907e-04 lr: 9.8907e-05  eta: 0:01:23  time: 0.9751  data_time: 0.0035  memory: 2158  loss: 0.8776  top1_acc: 0.5000  top5_acc: 1.0000  loss_cls: 0.8776
2025/05/28 14:02:17 - mmengine - INFO - Saving checkpoint at 3 epochs
2025/05/28 14:02:25 - mmengine - INFO - Epoch(val) [3][10/10]    eta: 0:00:00  time: 0.3630  data_time: 0.0050  memory: 798  
2025/05/28 14:02:25 - mmengine - INFO - Epoch(val) [3][10/10]    acc/top1: 0.5526  acc/top5: 1.0000  acc/mean1: 0.5000  data_time: 0.0046  time: 0.3520
2025/05/28 14:02:35 - mmengine - INFO - Epoch(train) [4][10/37]  base_lr: 9.7553e-04 lr: 9.7553e-05  eta: 0:01:11  time: 0.9768  data_time: 0.0044  memory: 2158  loss: 0.7587  top1_acc: 0.5000  top5_acc: 1.0000  loss_cls: 0.7587
2025/05/28 14:02:45 - mmengine - INFO - Epoch(train) [4][20/37]  base_lr: 9.7553e-04 lr: 9.7553e-05  eta: 0:00:59  time: 0.9679  data_time: 0.0045  memory: 2158  loss: 0.7331  top1_acc: 1.0000  top5_acc: 1.0000  loss_cls: 0.7331
2025/05/28 14:02:55 - mmengine - INFO - Epoch(train) [4][30/37]  base_lr: 9.7553e-04 lr: 9.7553e-05  eta: 0:00:48  time: 0.9663  data_time: 0.0034  memory: 2158  loss: 0.7963  top1_acc: 0.2500  top5_acc: 1.0000  loss_cls: 0.7963
2025/05/28 14:03:01 - mmengine - INFO - Exp name: swin_tiny_raw_20250528_135926
2025/05/28 14:03:01 - mmengine - INFO - Epoch(train) [4][37/37]  base_lr: 9.7553e-04 lr: 9.7553e-05  eta: 0:00:40  time: 0.9718  data_time: 0.0034  memory: 2158  loss: 0.7132  top1_acc: 0.5000  top5_acc: 1.0000  loss_cls: 0.7132
2025/05/28 14:03:01 - mmengine - INFO - Saving checkpoint at 4 epochs
2025/05/28 14:03:09 - mmengine - INFO - Epoch(val) [4][10/10]    eta: 0:00:00  time: 0.3573  data_time: 0.0048  memory: 798  
2025/05/28 14:03:09 - mmengine - INFO - Epoch(val) [4][10/10]    acc/top1: 0.5526  acc/top5: 1.0000  acc/mean1: 0.5000  data_time: 0.0045  time: 0.3321
2025/05/28 14:03:19 - mmengine - INFO - Epoch(train) [5][10/37]  base_lr: 9.5677e-04 lr: 9.5677e-05  eta: 0:00:29  time: 0.9763  data_time: 0.0047  memory: 2158  loss: 0.7488  top1_acc: 0.7500  top5_acc: 1.0000  loss_cls: 0.7488
2025/05/28 14:03:29 - mmengine - INFO - Epoch(train) [5][20/37]  base_lr: 9.5677e-04 lr: 9.5677e-05  eta: 0:00:18  time: 0.9711  data_time: 0.0046  memory: 2158  loss: 0.7825  top1_acc: 0.7500  top5_acc: 1.0000  loss_cls: 0.7825
2025/05/28 14:03:39 - mmengine - INFO - Epoch(train) [5][30/37]  base_lr: 9.5677e-04 lr: 9.5677e-05  eta: 0:00:07  time: 0.9721  data_time: 0.0033  memory: 2158  loss: 0.7761  top1_acc: 0.2500  top5_acc: 1.0000  loss_cls: 0.7761
2025/05/28 14:03:45 - mmengine - INFO - Exp name: swin_tiny_raw_20250528_135926
2025/05/28 14:03:45 - mmengine - INFO - Epoch(train) [5][37/37]  base_lr: 9.5677e-04 lr: 9.5677e-05  eta: 0:00:00  time: 0.9729  data_time: 0.0035  memory: 2158  loss: 0.8251  top1_acc: 0.2500  top5_acc: 1.0000  loss_cls: 0.8251
2025/05/28 14:03:45 - mmengine - INFO - Saving checkpoint at 5 epochs
2025/05/28 14:03:54 - mmengine - INFO - Epoch(val) [5][10/10]    eta: 0:00:00  time: 0.3528  data_time: 0.0048  memory: 798  
2025/05/28 14:03:54 - mmengine - INFO - Epoch(val) [5][10/10]    acc/top1: 0.5526  acc/top5: 1.0000  acc/mean1: 0.5000  data_time: 0.0047  time: 0.3442
